#
# A fatal error has been detected by the Java Runtime Environment:
#
#  EXCEPTION_ACCESS_VIOLATION (0xc0000005) at pc=0x00000258dab10524, pid=32888, tid=16160
#
# JRE version: Java(TM) SE Runtime Environment (18.0.2.1+1) (build 18.0.2.1+1-1)
# Java VM: Java HotSpot(TM) 64-Bit Server VM (18.0.2.1+1-1, mixed mode, sharing, tiered, compressed oops, compressed class ptrs, g1 gc, windows-amd64)
# Problematic frame:
# v  ~BufferBlob::MethodHandles adapters
#
# No core dump will be written. Minidumps are not enabled by default on client versions of Windows
#
# If you would like to submit a bug report, please visit:
#   https://bugreport.java.com/bugreport/crash.jsp
#

---------------  S U M M A R Y ------------

Command Line: -XX:+ShowCodeDetailsInExceptionMessages -agentlib:jdwp=transport=dt_socket,suspend=y,address=localhost:65362 -javaagent:C:\Users\harsh\eclipse\jee-2022-122\eclipse\configuration\org.eclipse.osgi\420\0\.cp\lib\javaagent-shaded.jar -Dfile.encoding=UTF-8 com.quikloan.server.ServerApplication

Host: 12th Gen Intel(R) Core(TM) i7-1255U, 12 cores, 15G,  Windows 11 , 64 bit Build 22621 (10.0.22621.1485)
Time: Tue Apr 25 20:52:10 2023 Eastern Daylight Time elapsed time: 1266.985396 seconds (0d 0h 21m 6s)

---------------  T H R E A D  ---------------

Current thread (0x00000258fc88d700):  JavaThread "http-nio-5000-exec-1" daemon [_thread_in_Java, id=16160, stack(0x000000a4f1100000,0x000000a4f1200000)]

Stack: [0x000000a4f1100000,0x000000a4f1200000],  sp=0x000000a4f11fda28,  free space=1014k
Native frames: (J=compiled Java code, j=interpreted, Vv=VM code, C=native code)
C  0x00000258dab10524


siginfo: EXCEPTION_ACCESS_VIOLATION (0xc0000005), reading address 0xffffffffffffffff


Register to memory mapping:

RIP=0x00000258dab10524 is at begin+65 in a stub
MethodHandle::interpreter_entry::_linkToVirtual [0x00000258dab104e3, 0x00000258dab1054a] (103 bytes)
RAX=0x00000258daada42c is at code_begin+4812 in an Interpreter codelet
return entry points  [0x00000258daad9160, 0x00000258daadb380]  8736 bytes
RBX=0x0000000708b3b150 is an oop: com.quikloan.server.controller.LoanController 
{0x0000000708b3b150} - klass: 'com/quikloan/server/controller/LoanController'
 - ---- fields (total size 3 words):
 - private 'loanService' 'Lcom/quikloan/server/service/LoanService;' @12  a 'com/quikloan/server/service/LoanService'{0x0000000708b3b168} (e116762d)
 - private 'restEeurekaTemplate' 'Lorg/springframework/web/client/RestTemplate;' @16  a 'org/springframework/web/client/RestTemplate'{0x0000000708b3b180} (e1167630)
 - private 'restTemplate' 'Lorg/springframework/web/client/RestTemplate;' @20  a 'org/springframework/web/client/RestTemplate'{0x0000000708b30170} (e116602e)
RCX=0x000000a4f11fda30 is pointing into the stack for thread: 0x00000258fc88d700
RDX=0x0000000000000002 is an unknown value
RSP=0x000000a4f11fda28 is pointing into the stack for thread: 0x00000258fc88d700
RBP=0x000000a4f11fda78 is pointing into the stack for thread: 0x00000258fc88d700
RSI=0x00000258843f5a48 points into unknown readable memory: 0x88001a00a8bc1d43 | 43 1d bc a8 00 1a 00 88
RDI=0x00000258fb9300a0 points into unknown readable memory: 0x0000001800000060 | 60 00 00 00 18 00 00 00
R8 =0x0000000000000004 is an unknown value
R9 =0x0000000000000004 is an unknown value
R10=0x00000008006dd3f2 is pointing into metadata
R11=0xe116602ee1167630 is an unknown value
R12=0x0 is NULL
R13=0x000000a4f11fda28 is pointing into the stack for thread: 0x00000258fc88d700
R14=0x000000a4f11fda98 is pointing into the stack for thread: 0x00000258fc88d700
R15=0x00000258fc88d700 is a thread


Registers:
RAX=0x00000258daada42c, RBX=0x0000000708b3b150, RCX=0x000000a4f11fda30, RDX=0x0000000000000002
RSP=0x000000a4f11fda28, RBP=0x000000a4f11fda78, RSI=0x00000258843f5a48, RDI=0x00000258fb9300a0
R8 =0x0000000000000004, R9 =0x0000000000000004, R10=0x00000008006dd3f2, R11=0xe116602ee1167630
R12=0x0000000000000000, R13=0x000000a4f11fda28, R14=0x000000a4f11fda98, R15=0x00000258fc88d700
RIP=0x00000258dab10524, EFLAGS=0x0000000000010202

Top of Stack: (sp=0x000000a4f11fda28)
0x000000a4f11fda28:   00000258daada42c 000000a4f11fda30
0x000000a4f11fda38:   00000008006dd3f2 000000a4f11fda98
0x000000a4f11fda48:   00000008000c4a00 00000258f9dbb768
0x000000a4f11fda58:   00000007051f04d0 00000008000c72d8
0x000000a4f11fda68:   000000a4f11fda28 000000a4f11fdaa0
0x000000a4f11fda78:   000000070ba44730 00000258e2e08b32
0x000000a4f11fda88:   000000070ba445a0 0000000708b3b150
0x000000a4f11fda98:   000000070ba44730 0000000708b3b150
0x000000a4f11fdaa8:   000000070ba44928 000000070ba448d8
0x000000a4f11fdab8:   0000000708b3b150 00000258e2e08a50
0x000000a4f11fdac8:   000000070ba443a0 000000070ba44928
0x000000a4f11fdad8:   00000258e2b784bc 000000a400000001
0x000000a4f11fdae8:   00000258f9ca08b8 000000070ba25d90
0x000000a4f11fdaf8:   00000258e2a7f158 000000070ba44950
0x000000a4f11fdb08:   0000000708b3b150 00000007065bc670
0x000000a4f11fdb18:   0000000000000000 000000070ba44950 

Instructions: (pc=0x00000258dab10524)
0x00000258dab10424:   ff ff ff ff 10 10 00 00 00 00 00 00 80 04 b1 da
0x00000258dab10434:   58 02 00 00 20 14 b1 da 58 02 00 00 80 04 b1 da
0x00000258dab10444:   58 02 00 00 20 14 b1 da 58 02 00 00 78 04 b1 da
0x00000258dab10454:   58 02 00 00 78 04 b1 da 58 02 00 00 00 00 00 00
0x00000258dab10464:   00 00 00 00 00 00 00 00 00 00 00 00 08 3a 5d 86
0x00000258dab10474:   f9 7f 00 00 00 00 00 00 00 00 00 00 f4 66 66 66
0x00000258dab10484:   0f 1f 84 00 00 00 00 00 66 66 66 90 66 66 66 0f
0x00000258dab10494:   1f 84 00 00 00 00 00 66 66 66 90 90 48 8b 53 08
0x00000258dab104a4:   0f b7 52 2c 48 8b 0c d4 8b 59 14 48 c1 e3 03 8b
0x00000258dab104b4:   5b 28 48 c1 e3 03 8b 5b 24 48 c1 e3 03 48 8b 5b
0x00000258dab104c4:   10 48 85 db 0f 84 10 00 00 00 41 80 bf 80 04 00
0x00000258dab104d4:   00 00 74 03 ff 63 38 ff 63 50 e9 1d 16 00 00 66
0x00000258dab104e4:   66 66 0f 1f 84 00 00 00 00 00 66 66 66 90 66 66
0x00000258dab104f4:   0f 1f 84 00 00 00 00 00 66 66 66 90 48 8b 53 08
0x00000258dab10504:   0f b7 52 2c 48 8b 0c d4 58 5b 50 44 8b 51 08 49
0x00000258dab10514:   bb 00 00 00 00 08 00 00 00 4d 03 d3 4c 8b 5b 10
0x00000258dab10524:   4b 8b 9c da b8 01 00 00 48 85 db 0f 84 10 00 00
0x00000258dab10534:   00 41 80 bf 80 04 00 00 00 74 03 ff 63 38 ff 63
0x00000258dab10544:   50 e9 b6 15 00 00 66 66 66 0f 1f 84 00 00 00 00
0x00000258dab10554:   00 66 66 66 90 0f 1f 80 00 00 00 00 58 5b 50 8b
0x00000258dab10564:   5b 24 48 c1 e3 03 48 8b 5b 10 48 85 db 0f 84 10
0x00000258dab10574:   00 00 00 41 80 bf 80 04 00 00 00 74 03 ff 63 38
0x00000258dab10584:   ff 63 50 e9 74 15 00 00 66 66 66 0f 1f 84 00 00
0x00000258dab10594:   00 00 00 66 66 66 90 0f 1f 44 00 00 48 8b 53 08
0x00000258dab105a4:   0f b7 52 2c 48 8b 0c d4 58 5b 50 48 3b 01 8b 5b
0x00000258dab105b4:   24 48 c1 e3 03 48 8b 5b 10 48 85 db 0f 84 10 00
0x00000258dab105c4:   00 00 41 80 bf 80 04 00 00 00 74 03 ff 63 38 ff
0x00000258dab105d4:   63 50 e9 25 15 00 00 0f 1f 44 00 00 48 8b 53 08
0x00000258dab105e4:   0f b7 52 2c 48 8b 0c d4 58 5b 50 44 8b 51 08 49
0x00000258dab105f4:   bb 00 00 00 00 08 00 00 00 4d 03 d3 8b 43 18 48
0x00000258dab10604:   c1 e0 03 48 8b 40 10 48 8b 5b 10 45 8b 9a a0 00
0x00000258dab10614:   00 00 4f 8d 9c da b8 01 00 00 4d 8d 14 da 49 8b 


Stack slot to memory mapping:
stack at sp + 0 slots: 0x00000258daada42c is at code_begin+4812 in an Interpreter codelet
return entry points  [0x00000258daad9160, 0x00000258daadb380]  8736 bytes
stack at sp + 1 slots: 0x000000a4f11fda30 is pointing into the stack for thread: 0x00000258fc88d700
stack at sp + 2 slots: 0x00000008006dd3f2 is pointing into metadata
stack at sp + 3 slots: 0x000000a4f11fda98 is pointing into the stack for thread: 0x00000258fc88d700
stack at sp + 4 slots: 0x00000008000c4a00 is pointing into metadata
stack at sp + 5 slots: 0x00000258f9dbb768 is pointing into metadata
stack at sp + 6 slots: 0x00000007051f04d0 is an oop: java.lang.Class 
{0x00000007051f04d0} - klass: 'java/lang/Class'
 - ---- fields (total size 14 words):
 - private volatile transient 'classRedefinedCount' 'I' @12  0
 - abstract internal 'klass' 'J' @16  34360542752 (c4620 8)
 - abstract internal 'array_klass' 'J' @24  0 (0 0)
 - abstract internal 'oop_size' 'I' @32  14 (e)
 - abstract internal 'static_oop_field_count' 'I' @36  0
 - private volatile transient 'cachedConstructor' 'Ljava/lang/reflect/Constructor;' @40  NULL (0)
 - private transient 'name' 'Ljava/lang/String;' @44  NULL (0)
 - private transient 'module' 'Ljava/lang/Module;' @48  a 'java/lang/Module'{0x0000000705ab6318} (e0b56c63)
 - private final 'classLoader' 'Ljava/lang/ClassLoader;' @52  NULL (0)
 - private transient 'classData' 'Ljava/lang/Object;' @56  NULL (0)
 - private transient 'packageName' 'Ljava/lang/String;' @60  NULL (0)
 - private final 'componentType' 'Ljava/lang/Class;' @64  NULL (0)
 - private volatile transient 'reflectionData' 'Ljava/lang/ref/SoftReference;' @68  NULL (0)
 - private volatile transient 'genericInfo' 'Lsun/reflect/generics/repository/ClassRepository;' @72  NULL (0)
 - private volatile transient 'enumConstants' '[Ljava/lang/Object;' @76  NULL (0)
 - private volatile transient 'enumConstantDirectory' 'Ljava/util/Map;' @80  NULL (0)
 - private volatile transient 'annotationData' 'Ljava/lang/Class$AnnotationData;' @84  NULL (0)
 - private volatile transient 'annotationType' 'Lsun/reflect/annotation/AnnotationType;' @88  NULL (0)
 - transient 'classValueMap' 'Ljava/lang/ClassValue$ClassValueMap;' @92  NULL (0)
 - abstract internal 'protection_domain' 'Ljava/lang/Object;' @96  NULL (0)
 - abstract internal 'signers_name' 'Ljava/lang/Object;' @100  NULL (0)
 - abstract internal 'source_file' 'Ljava/lang/Object;' @104  NULL (0)
 - signature: Ljava/lang/invoke/DirectMethodHandle$Holder;
 - ---- static fields (0):
stack at sp + 7 slots: {method} {0x00000008000c72e0} 'invokeVirtual' '(Ljava/lang/Object;Ljava/lang/Object;)Ljava/lang/Object;' in 'java/lang/invoke/DirectMethodHandle$Holder'

MethodHandle::interpreter_entry::_linkToVirtual [0x00000258dab104e3, 0x00000258dab1054a] (103 bytes)
[MachCode]
  0x00000258dab104e3: 6666 660f | 1f84 0000 | 0000 0066 | 6666 9066 | 660f 1f84 | 0000 0000 | 0066 6666 | 9048 8b53 
  0x00000258dab10503: 080f b752 | 2c48 8b0c | d458 5b50 | 448b 5108 | 49bb 0000 | 0000 0800 | 0000 4d03 | d34c 8b5b 
  0x00000258dab10523: 104b 8b9c | dab8 0100 | 0048 85db | 0f84 1000 | 0000 4180 | bf80 0400 | 0000 7403 | ff63 38ff 
  0x00000258dab10543: 6350 e9b6 | 
[/MachCode]

---------------  P R O C E S S  ---------------

Threads class SMR info:
_java_thread_list=0x00000258ff68a0a0, length=50, elements={
0x00000258f3718610, 0x00000258f371afc0, 0x00000258f37352f0, 0x00000258f3735ba0,
0x00000258f3736540, 0x00000258f3738ef0, 0x00000258f3739bc0, 0x00000258f373a4b0,
0x00000258f374fa00, 0x00000258fa4ea8f0, 0x00000258fa5a0220, 0x00000258fa58cc00,
0x00000258fa58db00, 0x00000258faf65690, 0x00000258fc1074d0, 0x00000258822ecb40,
0x00000258843172f0, 0x0000025884311c50, 0x00000258843142d0, 0x00000258fc88ba20,
0x0000025884316480, 0x00000258fc8871f0, 0x00000258822ed4e0, 0x00000258fc88b080,
0x00000258fc885eb0, 0x0000025884313930, 0x00000258843147a0, 0x0000025884315610,
0x00000258fc88a6e0, 0x00000258fc888060, 0x00000258fc88c3c0, 0x00000258fc88bef0,
0x00000258fc88cd60, 0x00000258fc888a00, 0x00000258fc888ed0, 0x00000258fc88d700,
0x00000258fc8876c0, 0x00000258fc886380, 0x00000258fc886850, 0x00000258fc887b90,
0x00000258fc888530, 0x00000258fc889870, 0x00000258fc889d40, 0x00000258fc88a210,
0x00000258822e9ff0, 0x00000258822ed010, 0x00000258822ed9b0, 0x00000258822ec670,
0x00000258822eae60, 0x00000258822ea4c0
}

Java Threads: ( => current thread )
  0x00000258f3718610 JavaThread "Reference Handler" daemon [_thread_blocked, id=32376, stack(0x000000a4ede00000,0x000000a4edf00000)]
  0x00000258f371afc0 JavaThread "Finalizer" daemon [_thread_blocked, id=33028, stack(0x000000a4edf00000,0x000000a4ee000000)]
  0x00000258f37352f0 JavaThread "Signal Dispatcher" daemon [_thread_blocked, id=17772, stack(0x000000a4ee000000,0x000000a4ee100000)]
  0x00000258f3735ba0 JavaThread "Attach Listener" daemon [_thread_blocked, id=34188, stack(0x000000a4ee100000,0x000000a4ee200000)]
  0x00000258f3736540 JavaThread "Service Thread" daemon [_thread_blocked, id=31100, stack(0x000000a4ee200000,0x000000a4ee300000)]
  0x00000258f3738ef0 JavaThread "Monitor Deflation Thread" daemon [_thread_blocked, id=1500, stack(0x000000a4ee300000,0x000000a4ee400000)]
  0x00000258f3739bc0 JavaThread "C2 CompilerThread0" daemon [_thread_blocked, id=33496, stack(0x000000a4ee400000,0x000000a4ee500000)]
  0x00000258f373a4b0 JavaThread "C1 CompilerThread0" daemon [_thread_blocked, id=30028, stack(0x000000a4ee500000,0x000000a4ee600000)]
  0x00000258f374fa00 JavaThread "Sweeper thread" daemon [_thread_blocked, id=35560, stack(0x000000a4ee600000,0x000000a4ee700000)]
  0x00000258fa4ea8f0 JavaThread "Common-Cleaner" daemon [_thread_blocked, id=34880, stack(0x000000a4ee700000,0x000000a4ee800000)]
  0x00000258fa5a0220 JavaThread "JDWP Transport Listener: dt_socket" daemon [_thread_blocked, id=35748, stack(0x000000a4ee800000,0x000000a4ee900000)]
  0x00000258fa58cc00 JavaThread "JDWP Event Helper Thread" daemon [_thread_blocked, id=17032, stack(0x000000a4ee900000,0x000000a4eea00000)]
  0x00000258fa58db00 JavaThread "JDWP Command Reader" daemon [_thread_in_native, id=33632, stack(0x000000a4eea00000,0x000000a4eeb00000)]
  0x00000258faf65690 JavaThread "Notification Thread" daemon [_thread_blocked, id=20020, stack(0x000000a4eec00000,0x000000a4eed00000)]
  0x00000258fc1074d0 JavaThread "mysql-cj-abandoned-connection-cleanup" daemon [_thread_blocked, id=33440, stack(0x000000a4f0200000,0x000000a4f0300000)]
  0x00000258822ecb40 JavaThread "Live Reload Server" daemon [_thread_in_native, id=28152, stack(0x000000a4f0800000,0x000000a4f0900000)]
  0x00000258843172f0 JavaThread "boundedElastic-evictor-1" daemon [_thread_blocked, id=9288, stack(0x000000a4eee00000,0x000000a4eef00000)]
  0x0000025884311c50 JavaThread "pool-10-thread-1" daemon [_thread_blocked, id=3980, stack(0x000000a4ef900000,0x000000a4efa00000)]
  0x00000258843142d0 JavaThread "pool-17-thread-1" daemon [_thread_blocked, id=34412, stack(0x000000a4f1900000,0x000000a4f1a00000)]
  0x00000258fc88ba20 JavaThread "pool-24-thread-1" daemon [_thread_blocked, id=23976, stack(0x000000a4ed500000,0x000000a4ed600000)]
  0x0000025884316480 JavaThread "DestroyJavaVM" [_thread_blocked, id=21676, stack(0x000000a4ed700000,0x000000a4ed800000)]
  0x00000258fc8871f0 JavaThread "pool-37-thread-1" daemon [_thread_blocked, id=35524, stack(0x000000a4ef800000,0x000000a4ef900000)]
  0x00000258822ed4e0 JavaThread "pool-44-thread-1" daemon [_thread_blocked, id=9108, stack(0x000000a4eeb00000,0x000000a4eec00000)]
  0x00000258fc88b080 JavaThread "boundedElastic-6" daemon [_thread_blocked, id=6768, stack(0x000000a4ed400000,0x000000a4ed500000)]
  0x00000258fc885eb0 JavaThread "pool-51-thread-1" daemon [_thread_blocked, id=30684, stack(0x000000a4f0000000,0x000000a4f0100000)]
  0x0000025884313930 JavaThread "Catalina-utility-1" [_thread_blocked, id=27404, stack(0x000000a4f0300000,0x000000a4f0400000)]
  0x00000258843147a0 JavaThread "Catalina-utility-2" [_thread_blocked, id=12644, stack(0x000000a4f0400000,0x000000a4f0500000)]
  0x0000025884315610 JavaThread "container-0" [_thread_blocked, id=35532, stack(0x000000a4f0500000,0x000000a4f0600000)]
  0x00000258fc88a6e0 JavaThread "HikariPool-8 housekeeper" daemon [_thread_blocked, id=1888, stack(0x000000a4f0700000,0x000000a4f0800000)]
  0x00000258fc888060 JavaThread "File Watcher" daemon [_thread_blocked, id=35460, stack(0x000000a4f0b00000,0x000000a4f0c00000)]
  0x00000258fc88c3c0 JavaThread "spring.cloud.inetutils" daemon [_thread_blocked, id=26496, stack(0x000000a4f0c00000,0x000000a4f0d00000)]
  0x00000258fc88bef0 JavaThread "AsyncResolver-bootstrap-0" daemon [_thread_blocked, id=28056, stack(0x000000a4f0d00000,0x000000a4f0e00000)]
  0x00000258fc88cd60 JavaThread "DiscoveryClient-0" daemon [_thread_blocked, id=32584, stack(0x000000a4f0e00000,0x000000a4f0f00000)]
  0x00000258fc888a00 JavaThread "DiscoveryClient-1" daemon [_thread_blocked, id=34436, stack(0x000000a4f0f00000,0x000000a4f1000000)]
  0x00000258fc888ed0 JavaThread "DiscoveryClient-InstanceInfoReplicator-0" daemon [_thread_blocked, id=21156, stack(0x000000a4f1000000,0x000000a4f1100000)]
=>0x00000258fc88d700 JavaThread "http-nio-5000-exec-1" daemon [_thread_in_Java, id=16160, stack(0x000000a4f1100000,0x000000a4f1200000)]
  0x00000258fc8876c0 JavaThread "http-nio-5000-exec-2" daemon [_thread_blocked, id=20924, stack(0x000000a4f1200000,0x000000a4f1300000)]
  0x00000258fc886380 JavaThread "http-nio-5000-exec-3" daemon [_thread_blocked, id=16908, stack(0x000000a4f1300000,0x000000a4f1400000)]
  0x00000258fc886850 JavaThread "http-nio-5000-exec-4" daemon [_thread_blocked, id=29468, stack(0x000000a4f1400000,0x000000a4f1500000)]
  0x00000258fc887b90 JavaThread "http-nio-5000-exec-5" daemon [_thread_blocked, id=15068, stack(0x000000a4f1500000,0x000000a4f1600000)]
  0x00000258fc888530 JavaThread "http-nio-5000-exec-6" daemon [_thread_blocked, id=34752, stack(0x000000a4f1600000,0x000000a4f1700000)]
  0x00000258fc889870 JavaThread "http-nio-5000-exec-7" daemon [_thread_blocked, id=25596, stack(0x000000a4f1700000,0x000000a4f1800000)]
  0x00000258fc889d40 JavaThread "http-nio-5000-exec-8" daemon [_thread_blocked, id=34700, stack(0x000000a4f1800000,0x000000a4f1900000)]
  0x00000258fc88a210 JavaThread "http-nio-5000-exec-9" daemon [_thread_blocked, id=34840, stack(0x000000a4f1a00000,0x000000a4f1b00000)]
  0x00000258822e9ff0 JavaThread "http-nio-5000-exec-10" daemon [_thread_blocked, id=33404, stack(0x000000a4f1b00000,0x000000a4f1c00000)]
  0x00000258822ed010 JavaThread "http-nio-5000-Poller" daemon [_thread_in_native, id=33296, stack(0x000000a4f1c00000,0x000000a4f1d00000)]
  0x00000258822ed9b0 JavaThread "http-nio-5000-Acceptor" daemon [_thread_in_native, id=13352, stack(0x000000a4f1e00000,0x000000a4f1f00000)]
  0x00000258822ec670 JavaThread "pool-58-thread-1" daemon [_thread_blocked, id=32392, stack(0x000000a4eff00000,0x000000a4f0000000)]
  0x00000258822eae60 JavaThread "DiscoveryClient-CacheRefreshExecutor-0" daemon [_thread_blocked, id=9252, stack(0x000000a4f0100000,0x000000a4f0200000)]
  0x00000258822ea4c0 JavaThread "DiscoveryClient-HeartbeatExecutor-0" daemon [_thread_blocked, id=16472, stack(0x000000a4f0a00000,0x000000a4f0b00000)]

Other Threads:
  0x00000258d3238fb0 VMThread "VM Thread" [stack: 0x000000a4edd00000,0x000000a4ede00000] [id=33256]
  0x00000258d31afe40 WatcherThread "VM Periodic Task Thread" [stack: 0x000000a4eed00000,0x000000a4eee00000] [id=22124]
  0x00000258d321ee00 WorkerThread "GC Thread#0" [stack: 0x000000a4ed800000,0x000000a4ed900000] [id=31980]
  0x00000258faf5f450 WorkerThread "GC Thread#1" [stack: 0x000000a4eef00000,0x000000a4ef000000] [id=26348]
  0x00000258fb0ff9c0 WorkerThread "GC Thread#2" [stack: 0x000000a4ef000000,0x000000a4ef100000] [id=9452]
  0x00000258fb0ffc60 WorkerThread "GC Thread#3" [stack: 0x000000a4ef100000,0x000000a4ef200000] [id=17756]
  0x00000258fb0f5360 WorkerThread "GC Thread#4" [stack: 0x000000a4ef200000,0x000000a4ef300000] [id=34284]
  0x00000258fb0f5600 WorkerThread "GC Thread#5" [stack: 0x000000a4ef300000,0x000000a4ef400000] [id=35072]
  0x00000258fb14d3d0 WorkerThread "GC Thread#6" [stack: 0x000000a4ef400000,0x000000a4ef500000] [id=33232]
  0x00000258fb14d670 WorkerThread "GC Thread#7" [stack: 0x000000a4ef500000,0x000000a4ef600000] [id=35064]
  0x00000258fb19a080 WorkerThread "GC Thread#8" [stack: 0x000000a4ef600000,0x000000a4ef700000] [id=1168]
  0x00000258fb57c430 WorkerThread "GC Thread#9" [stack: 0x000000a4ef700000,0x000000a4ef800000] [id=34516]
  0x00000258f35a27b0 ConcurrentGCThread "G1 Main Marker" [stack: 0x000000a4ed900000,0x000000a4eda00000] [id=34060]
  0x00000258f35a3040 WorkerThread "G1 Conc#0" [stack: 0x000000a4eda00000,0x000000a4edb00000] [id=18664]
  0x00000258fd0b8e90 WorkerThread "G1 Conc#1" [stack: 0x000000a4efa00000,0x000000a4efb00000] [id=34196]
  0x00000258fd0b9670 WorkerThread "G1 Conc#2" [stack: 0x000000a4efb00000,0x000000a4efc00000] [id=32352]
  0x00000258f35d04b0 ConcurrentGCThread "G1 Refine#0" [stack: 0x000000a4edb00000,0x000000a4edc00000] [id=32836]
  0x00000258fe3f59c0 ConcurrentGCThread "G1 Refine#1" [stack: 0x000000a4efc00000,0x000000a4efd00000] [id=19596]
  0x00000258fe3f4070 ConcurrentGCThread "G1 Refine#2" [stack: 0x000000a4efd00000,0x000000a4efe00000] [id=30192]
  0x00000258fe3f2cc0 ConcurrentGCThread "G1 Refine#3" [stack: 0x000000a4efe00000,0x000000a4eff00000] [id=14328]
  0x00000258f35d0b70 ConcurrentGCThread "G1 Service" [stack: 0x000000a4edc00000,0x000000a4edd00000] [id=29096]

Threads with active compile tasks:

VM state: not at safepoint (normal execution)

VM Mutex/Monitor currently owned by a thread: None

Heap address: 0x0000000704e00000, size: 4018 MB, Compressed Oops mode: Zero based, Oop shift amount: 3

CDS archive(s) mapped at: [0x0000000800000000-0x0000000800ba0000-0x0000000800ba0000), size 12189696, SharedBaseAddress: 0x0000000800000000, ArchiveRelocationMode: 0.
Compressed class space mapped at: 0x0000000800c00000-0x0000000840c00000, reserved size: 1073741824
Narrow klass base: 0x0000000800000000, Narrow klass shift: 0, Narrow klass range: 0x100000000

GC Precious Log:
 CardTable entry size: 512
 Card Set container configuration: InlinePtr #cards 4 size 8 Array Of Cards #cards 16 size 48 Howl #buckets 8 coarsen threshold 3686 Howl Bitmap #cards 512 size 80 coarsen threshold 460 Card regions per heap region 1 cards per card region 4096
 CPUs: 12 total, 12 available
 Memory: 16068M
 Large Page Support: Disabled
 NUMA Support: Disabled
 Compressed Oops: Enabled (Zero based)
 Heap Region Size: 2M
 Heap Min Capacity: 8M
 Heap Initial Capacity: 252M
 Heap Max Capacity: 4018M
 Pre-touch: Disabled
 Parallel Workers: 10
 Concurrent Workers: 3
 Concurrent Refinement Workers: 10
 Periodic GC: Disabled

Heap:
 garbage-first heap   total 122880K, used 66984K [0x0000000704e00000, 0x0000000800000000)
  region size 2048K, 11 young (22528K), 3 survivors (6144K)
 Metaspace       used 75169K, committed 75904K, reserved 1179648K
  class space    used 9099K, committed 9472K, reserved 1048576K

Heap Regions: E=young(eden), S=young(survivor), O=old, HS=humongous(starts), HC=humongous(continues), CS=collection set, F=free, OA=open archive, CA=closed archive, TAMS=top-at-mark-start (previous, next)
|   0|0x0000000704e00000, 0x0000000705000000, 0x0000000705000000|100%| O|  |TAMS 0x0000000705000000, 0x0000000704e00000| Untracked 
|   1|0x0000000705000000, 0x0000000705200000, 0x0000000705200000|100%| O|  |TAMS 0x0000000705200000, 0x0000000705000000| Untracked 
|   2|0x0000000705200000, 0x0000000705400000, 0x0000000705400000|100%| O|  |TAMS 0x0000000705400000, 0x0000000705200000| Untracked 
|   3|0x0000000705400000, 0x0000000705600000, 0x0000000705600000|100%| O|  |TAMS 0x0000000705600000, 0x0000000705400000| Untracked 
|   4|0x0000000705600000, 0x00000007057ffff8, 0x0000000705800000| 99%| O|  |TAMS 0x00000007057ffff8, 0x0000000705600000| Untracked 
|   5|0x0000000705800000, 0x00000007059fffe0, 0x0000000705a00000| 99%| O|  |TAMS 0x00000007059fffe0, 0x0000000705800000| Untracked 
|   6|0x0000000705a00000, 0x0000000705c00000, 0x0000000705c00000|100%| O|  |TAMS 0x0000000705c00000, 0x0000000705a00000| Untracked 
|   7|0x0000000705c00000, 0x0000000705e00000, 0x0000000705e00000|100%| O|  |TAMS 0x0000000705e00000, 0x0000000705c00000| Untracked 
|   8|0x0000000705e00000, 0x0000000705fffff0, 0x0000000706000000| 99%| O|  |TAMS 0x0000000705fffff0, 0x0000000705e00000| Untracked 
|   9|0x0000000706000000, 0x00000007061ffff0, 0x0000000706200000| 99%| O|  |TAMS 0x00000007061ffff0, 0x0000000706000000| Untracked 
|  10|0x0000000706200000, 0x00000007063ffff0, 0x0000000706400000| 99%| O|  |TAMS 0x00000007063ffff0, 0x0000000706200000| Untracked 
|  11|0x0000000706400000, 0x00000007065fff70, 0x0000000706600000| 99%| O|  |TAMS 0x00000007065fff70, 0x0000000706400000| Untracked 
|  12|0x0000000706600000, 0x0000000706800000, 0x0000000706800000|100%| O|  |TAMS 0x0000000706800000, 0x0000000706600000| Untracked 
|  13|0x0000000706800000, 0x00000007069fffe8, 0x0000000706a00000| 99%| O|  |TAMS 0x00000007069fffe8, 0x0000000706800000| Untracked 
|  14|0x0000000706a00000, 0x0000000706bffff0, 0x0000000706c00000| 99%| O|  |TAMS 0x0000000706bffff0, 0x0000000706a00000| Untracked 
|  15|0x0000000706c00000, 0x0000000706dfffe0, 0x0000000706e00000| 99%| O|  |TAMS 0x0000000706dfffe0, 0x0000000706c00000| Untracked 
|  16|0x0000000706e00000, 0x0000000706fffff0, 0x0000000707000000| 99%| O|  |TAMS 0x0000000706fffff0, 0x0000000706e00000| Untracked 
|  17|0x0000000707000000, 0x00000007071ffff8, 0x0000000707200000| 99%| O|  |TAMS 0x00000007071ffff8, 0x0000000707000000| Untracked 
|  18|0x0000000707200000, 0x00000007073ffe50, 0x0000000707400000| 99%| O|  |TAMS 0x00000007073ffe50, 0x0000000707200000| Untracked 
|  19|0x0000000707400000, 0x00000007075b4c08, 0x0000000707600000| 85%| O|  |TAMS 0x0000000707400000, 0x0000000707400000| Untracked 
|  20|0x0000000707600000, 0x0000000707712770, 0x0000000707800000| 53%| O|  |TAMS 0x0000000707600000, 0x0000000707600000| Untracked 
|  21|0x0000000707800000, 0x0000000707925310, 0x0000000707a00000| 57%| O|  |TAMS 0x0000000707800000, 0x0000000707800000| Untracked 
|  22|0x0000000707a00000, 0x0000000707a00000, 0x0000000707c00000|  0%| F|  |TAMS 0x0000000707a00000, 0x0000000707a00000| Untracked 
|  23|0x0000000707c00000, 0x0000000707c00000, 0x0000000707e00000|  0%| F|  |TAMS 0x0000000707c00000, 0x0000000707c00000| Untracked 
|  24|0x0000000707e00000, 0x0000000707f18380, 0x0000000708000000| 54%| O|  |TAMS 0x0000000707e00000, 0x0000000707e00000| Untracked 
|  25|0x0000000708000000, 0x0000000708000000, 0x0000000708200000|  0%| F|  |TAMS 0x0000000708000000, 0x0000000708000000| Untracked 
|  26|0x0000000708200000, 0x0000000708200000, 0x0000000708400000|  0%| F|  |TAMS 0x0000000708200000, 0x0000000708200000| Untracked 
|  27|0x0000000708400000, 0x0000000708400000, 0x0000000708600000|  0%| F|  |TAMS 0x0000000708400000, 0x0000000708400000| Untracked 
|  28|0x0000000708600000, 0x0000000708600000, 0x0000000708800000|  0%| F|  |TAMS 0x0000000708600000, 0x0000000708600000| Untracked 
|  29|0x0000000708800000, 0x0000000708800000, 0x0000000708a00000|  0%| F|  |TAMS 0x0000000708800000, 0x0000000708800000| Untracked 
|  30|0x0000000708a00000, 0x0000000708ba3580, 0x0000000708c00000| 81%| S|CS|TAMS 0x0000000708a00000, 0x0000000708a00000| Complete 
|  31|0x0000000708c00000, 0x0000000708d84f18, 0x0000000708e00000| 75%| O|  |TAMS 0x0000000708c00000, 0x0000000708c00000| Untracked 
|  32|0x0000000708e00000, 0x0000000709000000, 0x0000000709000000|100%| S|CS|TAMS 0x0000000708e00000, 0x0000000708e00000| Complete 
|  33|0x0000000709000000, 0x0000000709000000, 0x0000000709200000|  0%| F|  |TAMS 0x0000000709000000, 0x0000000709000000| Untracked 
|  34|0x0000000709200000, 0x000000070933d838, 0x0000000709400000| 62%| O|  |TAMS 0x0000000709200000, 0x0000000709200000| Untracked 
|  35|0x0000000709400000, 0x0000000709400000, 0x0000000709600000|  0%| F|  |TAMS 0x0000000709400000, 0x0000000709400000| Untracked 
|  36|0x0000000709600000, 0x0000000709800000, 0x0000000709800000|100%| S|CS|TAMS 0x0000000709600000, 0x0000000709600000| Complete 
|  37|0x0000000709800000, 0x0000000709800000, 0x0000000709a00000|  0%| F|  |TAMS 0x0000000709800000, 0x0000000709800000| Untracked 
|  38|0x0000000709a00000, 0x0000000709a00000, 0x0000000709c00000|  0%| F|  |TAMS 0x0000000709a00000, 0x0000000709a00000| Untracked 
|  39|0x0000000709c00000, 0x0000000709c00000, 0x0000000709e00000|  0%| F|  |TAMS 0x0000000709c00000, 0x0000000709c00000| Untracked 
|  40|0x0000000709e00000, 0x0000000709e00000, 0x000000070a000000|  0%| F|  |TAMS 0x0000000709e00000, 0x0000000709e00000| Untracked 
|  41|0x000000070a000000, 0x000000070a000000, 0x000000070a200000|  0%| F|  |TAMS 0x000000070a000000, 0x000000070a000000| Untracked 
|  42|0x000000070a200000, 0x000000070a200000, 0x000000070a400000|  0%| F|  |TAMS 0x000000070a200000, 0x000000070a200000| Untracked 
|  43|0x000000070a400000, 0x000000070a400000, 0x000000070a600000|  0%| F|  |TAMS 0x000000070a400000, 0x000000070a400000| Untracked 
|  44|0x000000070a600000, 0x000000070a600000, 0x000000070a800000|  0%| F|  |TAMS 0x000000070a600000, 0x000000070a600000| Untracked 
|  45|0x000000070a800000, 0x000000070a800000, 0x000000070aa00000|  0%| F|  |TAMS 0x000000070a800000, 0x000000070a800000| Untracked 
|  46|0x000000070aa00000, 0x000000070aa00000, 0x000000070ac00000|  0%| F|  |TAMS 0x000000070aa00000, 0x000000070aa00000| Untracked 
|  47|0x000000070ac00000, 0x000000070ac00000, 0x000000070ae00000|  0%| F|  |TAMS 0x000000070ac00000, 0x000000070ac00000| Untracked 
|  48|0x000000070ae00000, 0x000000070ae00000, 0x000000070b000000|  0%| F|  |TAMS 0x000000070ae00000, 0x000000070ae00000| Untracked 
|  49|0x000000070b000000, 0x000000070b000000, 0x000000070b200000|  0%| F|  |TAMS 0x000000070b000000, 0x000000070b000000| Untracked 
|  50|0x000000070b200000, 0x000000070b200000, 0x000000070b400000|  0%| F|  |TAMS 0x000000070b200000, 0x000000070b200000| Untracked 
|  51|0x000000070b400000, 0x000000070b400000, 0x000000070b600000|  0%| F|  |TAMS 0x000000070b400000, 0x000000070b400000| Untracked 
|  52|0x000000070b600000, 0x000000070b637388, 0x000000070b800000| 10%| E|  |TAMS 0x000000070b600000, 0x000000070b600000| Complete 
|  53|0x000000070b800000, 0x000000070ba00000, 0x000000070ba00000|100%| E|CS|TAMS 0x000000070b800000, 0x000000070b800000| Complete 
|  54|0x000000070ba00000, 0x000000070bc00000, 0x000000070bc00000|100%| E|CS|TAMS 0x000000070ba00000, 0x000000070ba00000| Complete 
|  55|0x000000070bc00000, 0x000000070be00000, 0x000000070be00000|100%| E|CS|TAMS 0x000000070bc00000, 0x000000070bc00000| Complete 
|  56|0x000000070be00000, 0x000000070c000000, 0x000000070c000000|100%| E|CS|TAMS 0x000000070be00000, 0x000000070be00000| Complete 
|  57|0x000000070c000000, 0x000000070c200000, 0x000000070c200000|100%| E|CS|TAMS 0x000000070c000000, 0x000000070c000000| Complete 
|  58|0x000000070c200000, 0x000000070c400000, 0x000000070c400000|100%| E|CS|TAMS 0x000000070c200000, 0x000000070c200000| Complete 
|  59|0x000000070c400000, 0x000000070c600000, 0x000000070c600000|100%| E|CS|TAMS 0x000000070c400000, 0x000000070c400000| Complete 

Card table byte_map: [0x00000258ea800000,0x00000258eafe0000] _byte_map_base: 0x00000258e6fd9000

Marking Bits (Prev, Next): (CMBitMap*) 0x00000258d321f2e0, (CMBitMap*) 0x00000258d321f2a0
 Prev Bits: [0x00000258ef690000, 0x00000258f3558000)
 Next Bits: [0x00000258eb7c0000, 0x00000258ef688000)

Polling page: 0x00000258d1150000

Metaspace:

Usage:
  Non-class:     64.52 MB used.
      Class:      8.89 MB used.
       Both:     73.41 MB used.

Virtual space:
  Non-class space:      128.00 MB reserved,      64.88 MB ( 51%) committed,  2 nodes.
      Class space:        1.00 GB reserved,       9.25 MB ( <1%) committed,  1 nodes.
             Both:        1.12 GB reserved,      74.12 MB (  6%) committed. 

Chunk freelists:
   Non-Class:  3.12 MB
       Class:  2.78 MB
        Both:  5.90 MB

MaxMetaspaceSize: unlimited
CompressedClassSpaceSize: 1.00 GB
Initial GC threshold: 21.00 MB
Current GC threshold: 122.50 MB
CDS: on
MetaspaceReclaimPolicy: balanced
 - commit_granule_bytes: 65536.
 - commit_granule_words: 8192.
 - virtual_space_node_default_size: 8388608.
 - enlarge_chunks_in_place: 1.
 - new_chunks_are_fully_committed: 0.
 - uncommit_free_chunks: 1.
 - use_allocation_guard: 0.


Internal statistics:

num_allocs_failed_limit: 9.
num_arena_births: 830.
num_arena_deaths: 0.
num_vsnodes_births: 3.
num_vsnodes_deaths: 0.
num_space_committed: 1186.
num_space_uncommitted: 0.
num_chunks_returned_to_freelist: 9.
num_chunks_taken_from_freelist: 3520.
num_chunk_merges: 6.
num_chunk_splits: 2453.
num_chunks_enlarged: 1932.
num_inconsistent_stats: 0.

CodeHeap 'non-profiled nmethods': size=120000Kb used=10492Kb max_used=10492Kb free=109508Kb
 bounds [0x00000258e25a0000, 0x00000258e2fe0000, 0x00000258e9ad0000]
CodeHeap 'profiled nmethods': size=120000Kb used=25116Kb max_used=25116Kb free=94883Kb
 bounds [0x00000258db070000, 0x00000258dc900000, 0x00000258e25a0000]
CodeHeap 'non-nmethods': size=5760Kb used=1429Kb max_used=1493Kb free=4331Kb
 bounds [0x00000258daad0000, 0x00000258dad40000, 0x00000258db070000]
 total_blobs=12484 nmethods=11803 adapters=592
 compilation: enabled
              stopped_count=0, restarted_count=0
 full_count=0

Compilation events (20 events):
Event: 1255.884 Thread 0x00000258f373a4b0 nmethod 13711 0x00000258dc8f5410 code [0x00000258dc8f55a0, 0x00000258dc8f56f8]
Event: 1255.884 Thread 0x00000258f373a4b0 13712       1       com.fasterxml.jackson.databind.deser.ValueInstantiator::canCreateFromObjectWith (2 bytes)
Event: 1255.884 Thread 0x00000258f373a4b0 nmethod 13712 0x00000258e2fdd010 code [0x00000258e2fdd1a0, 0x00000258e2fdd278]
Event: 1255.884 Thread 0x00000258f373a4b0 13713       3       java.net.URI::getUserInfo (31 bytes)
Event: 1255.885 Thread 0x00000258f373a4b0 nmethod 13713 0x00000258dc8f5790 code [0x00000258dc8f5940, 0x00000258dc8f5be8]
Event: 1255.885 Thread 0x00000258f373a4b0 13714       3       java.nio.MappedByteBuffer::limit (6 bytes)
Event: 1255.885 Thread 0x00000258f373a4b0 nmethod 13714 0x00000258dc8f5d10 code [0x00000258dc8f5ec0, 0x00000258dc8f60c8]
Event: 1255.887 Thread 0x00000258f3739bc0 nmethod 13707 0x00000258e2fdd310 code [0x00000258e2fdd4a0, 0x00000258e2fdda18]
Event: 1255.887 Thread 0x00000258f3739bc0 13710       4       com.fasterxml.jackson.databind.introspect.POJOPropertyBuilder$1::withMember (6 bytes)
Event: 1255.892 Thread 0x00000258f373a4b0 13715       3       org.springframework.util.LinkedCaseInsensitiveMap$EntrySetIterator::<init> (11 bytes)
Event: 1255.893 Thread 0x00000258f373a4b0 nmethod 13715 0x00000258dc8f6210 code [0x00000258dc8f63e0, 0x00000258dc8f6878]
Event: 1255.893 Thread 0x00000258f373a4b0 13716       3       org.springframework.util.LinkedCaseInsensitiveMap$EntryIterator::<init> (26 bytes)
Event: 1255.893 Thread 0x00000258f373a4b0 nmethod 13716 0x00000258dc8f6a10 code [0x00000258dc8f6be0, 0x00000258dc8f6fb8]
Event: 1255.894 Thread 0x00000258f3739bc0 nmethod 13710 0x00000258e2fddd90 code [0x00000258e2fddf40, 0x00000258e2fde3c8]
Event: 1255.894 Thread 0x00000258f3739bc0 13709       4       com.fasterxml.jackson.databind.introspect.JacksonAnnotationIntrospector::findSetterInfo (15 bytes)
Event: 1255.895 Thread 0x00000258f3739bc0 nmethod 13709 0x00000258e2fde910 code [0x00000258e2fdeaa0, 0x00000258e2fdebd8]
Event: 1255.895 Thread 0x00000258f3739bc0 13708       4       sun.reflect.annotation.AnnotationParser::parseAnnotation (9 bytes)
Event: 1255.896 Thread 0x00000258f3739bc0 nmethod 13708 0x00000258e2fded10 code [0x00000258e2fdeea0, 0x00000258e2fdef28]
Event: 1266.702 Thread 0x00000258f3739bc0 13717       4       org.eclipse.jdt.launching.internal.org.objectweb.asm.AnnotationWriter::<init> (60 bytes)
Event: 1266.786 Thread 0x00000258f3739bc0 


GC Heap History (20 events):
Event: 1006.507 GC heap before
{Heap before GC invocations=33 (full 4):
 garbage-first heap   total 122880K, used 96148K [0x0000000704e00000, 0x0000000800000000)
  region size 2048K, 28 young (57344K), 2 survivors (4096K)
 Metaspace       used 73140K, committed 73792K, reserved 1114112K
  class space    used 9011K, committed 9344K, reserved 1048576K
}
Event: 1006.509 GC heap after
{Heap after GC invocations=34 (full 4):
 garbage-first heap   total 122880K, used 45223K [0x0000000704e00000, 0x0000000800000000)
  region size 2048K, 4 young (8192K), 4 survivors (8192K)
 Metaspace       used 73140K, committed 73792K, reserved 1114112K
  class space    used 9011K, committed 9344K, reserved 1048576K
}
Event: 1009.555 GC heap before
{Heap before GC invocations=34 (full 4):
 garbage-first heap   total 122880K, used 47271K [0x0000000704e00000, 0x0000000800000000)
  region size 2048K, 6 young (12288K), 4 survivors (8192K)
 Metaspace       used 73148K, committed 73792K, reserved 1114112K
  class space    used 9011K, committed 9344K, reserved 1048576K
}
Event: 1009.599 GC heap after
{Heap after GC invocations=35 (full 5):
 garbage-first heap   total 122880K, used 41583K [0x0000000704e00000, 0x0000000800000000)
  region size 2048K, 0 young (0K), 0 survivors (0K)
 Metaspace       used 73148K, committed 73792K, reserved 1114112K
  class space    used 9011K, committed 9344K, reserved 1048576K
}
Event: 1010.535 GC heap before
{Heap before GC invocations=35 (full 5):
 garbage-first heap   total 122880K, used 94831K [0x0000000704e00000, 0x0000000800000000)
  region size 2048K, 27 young (55296K), 0 survivors (0K)
 Metaspace       used 73411K, committed 74112K, reserved 1114112K
  class space    used 9024K, committed 9344K, reserved 1048576K
}
Event: 1010.538 GC heap after
{Heap after GC invocations=36 (full 5):
 garbage-first heap   total 122880K, used 45535K [0x0000000704e00000, 0x0000000800000000)
  region size 2048K, 2 young (4096K), 2 survivors (4096K)
 Metaspace       used 73411K, committed 74112K, reserved 1114112K
  class space    used 9024K, committed 9344K, reserved 1048576K
}
Event: 1014.644 GC heap before
{Heap before GC invocations=36 (full 5):
 garbage-first heap   total 122880K, used 96735K [0x0000000704e00000, 0x0000000800000000)
  region size 2048K, 27 young (55296K), 2 survivors (4096K)
 Metaspace       used 73778K, committed 74432K, reserved 1114112K
  class space    used 9039K, committed 9408K, reserved 1048576K
}
Event: 1014.648 GC heap after
{Heap after GC invocations=37 (full 5):
 garbage-first heap   total 122880K, used 47579K [0x0000000704e00000, 0x0000000800000000)
  region size 2048K, 3 young (6144K), 3 survivors (6144K)
 Metaspace       used 73778K, committed 74432K, reserved 1114112K
  class space    used 9039K, committed 9408K, reserved 1048576K
}
Event: 1160.142 GC heap before
{Heap before GC invocations=37 (full 5):
 garbage-first heap   total 122880K, used 55771K [0x0000000704e00000, 0x0000000800000000)
  region size 2048K, 8 young (16384K), 3 survivors (6144K)
 Metaspace       used 73865K, committed 74624K, reserved 1114112K
  class space    used 9040K, committed 9408K, reserved 1048576K
}
Event: 1160.187 GC heap after
{Heap after GC invocations=38 (full 6):
 garbage-first heap   total 122880K, used 44191K [0x0000000704e00000, 0x0000000800000000)
  region size 2048K, 0 young (0K), 0 survivors (0K)
 Metaspace       used 73865K, committed 74624K, reserved 1114112K
  class space    used 9040K, committed 9408K, reserved 1048576K
}
Event: 1161.184 GC heap before
{Heap before GC invocations=38 (full 6):
 garbage-first heap   total 122880K, used 93343K [0x0000000704e00000, 0x0000000800000000)
  region size 2048K, 25 young (51200K), 0 survivors (0K)
 Metaspace       used 74019K, committed 74688K, reserved 1114112K
  class space    used 9048K, committed 9408K, reserved 1048576K
}
Event: 1161.188 GC heap after
{Heap after GC invocations=39 (full 6):
 garbage-first heap   total 122880K, used 48093K [0x0000000704e00000, 0x0000000800000000)
  region size 2048K, 2 young (4096K), 2 survivors (4096K)
 Metaspace       used 74019K, committed 74688K, reserved 1114112K
  class space    used 9048K, committed 9408K, reserved 1048576K
}
Event: 1161.773 GC heap before
{Heap before GC invocations=39 (full 6):
 garbage-first heap   total 122880K, used 95197K [0x0000000704e00000, 0x0000000800000000)
  region size 2048K, 25 young (51200K), 2 survivors (4096K)
 Metaspace       used 74391K, committed 75136K, reserved 1179648K
  class space    used 9067K, committed 9408K, reserved 1048576K
}
Event: 1161.777 GC heap after
{Heap after GC invocations=40 (full 6):
 garbage-first heap   total 122880K, used 50227K [0x0000000704e00000, 0x0000000800000000)
  region size 2048K, 3 young (6144K), 3 survivors (6144K)
 Metaspace       used 74391K, committed 75136K, reserved 1179648K
  class space    used 9067K, committed 9408K, reserved 1048576K
}
Event: 1224.363 GC heap before
{Heap before GC invocations=40 (full 6):
 garbage-first heap   total 122880K, used 62515K [0x0000000704e00000, 0x0000000800000000)
  region size 2048K, 10 young (20480K), 3 survivors (6144K)
 Metaspace       used 74559K, committed 75264K, reserved 1179648K
  class space    used 9071K, committed 9408K, reserved 1048576K
}
Event: 1224.413 GC heap after
{Heap after GC invocations=41 (full 7):
 garbage-first heap   total 122880K, used 46875K [0x0000000704e00000, 0x0000000800000000)
  region size 2048K, 0 young (0K), 0 survivors (0K)
 Metaspace       used 74559K, committed 75264K, reserved 1179648K
  class space    used 9071K, committed 9408K, reserved 1048576K
}
Event: 1225.128 GC heap before
{Heap before GC invocations=41 (full 7):
 garbage-first heap   total 122880K, used 96027K [0x0000000704e00000, 0x0000000800000000)
  region size 2048K, 24 young (49152K), 0 survivors (0K)
 Metaspace       used 74679K, committed 75392K, reserved 1179648K
  class space    used 9078K, committed 9472K, reserved 1048576K
}
Event: 1225.131 GC heap after
{Heap after GC invocations=42 (full 7):
 garbage-first heap   total 122880K, used 50360K [0x0000000704e00000, 0x0000000800000000)
  region size 2048K, 2 young (4096K), 2 survivors (4096K)
 Metaspace       used 74679K, committed 75392K, reserved 1179648K
  class space    used 9078K, committed 9472K, reserved 1048576K
}
Event: 1225.654 GC heap before
{Heap before GC invocations=42 (full 7):
 garbage-first heap   total 122880K, used 97464K [0x0000000704e00000, 0x0000000800000000)
  region size 2048K, 25 young (51200K), 2 survivors (4096K)
 Metaspace       used 75025K, committed 75712K, reserved 1179648K
  class space    used 9095K, committed 9472K, reserved 1048576K
}
Event: 1225.657 GC heap after
{Heap after GC invocations=43 (full 7):
 garbage-first heap   total 122880K, used 52648K [0x0000000704e00000, 0x0000000800000000)
  region size 2048K, 3 young (6144K), 3 survivors (6144K)
 Metaspace       used 75025K, committed 75712K, reserved 1179648K
  class space    used 9095K, committed 9472K, reserved 1048576K
}

Deoptimization events (20 events):
Event: 1255.877 Thread 0x00000258822eae60 DEOPT PACKING pc=0x00000258dc129f6c sp=0x000000a4f01fdce0
Event: 1255.877 Thread 0x00000258822eae60 DEOPT UNPACKING pc=0x00000258dab22b43 sp=0x000000a4f01fd1f0 mode 1
Event: 1255.877 Thread 0x00000258822eae60 DEOPT PACKING pc=0x00000258dc12c4ac sp=0x000000a4f01fddd0
Event: 1255.877 Thread 0x00000258822eae60 DEOPT UNPACKING pc=0x00000258dab22b43 sp=0x000000a4f01fd2f8 mode 1
Event: 1255.877 Thread 0x00000258822eae60 DEOPT PACKING pc=0x00000258dba37764 sp=0x000000a4f01fded0
Event: 1255.877 Thread 0x00000258822eae60 DEOPT UNPACKING pc=0x00000258dab22b43 sp=0x000000a4f01fd378 mode 1
Event: 1255.877 Thread 0x00000258822eae60 DEOPT PACKING pc=0x00000258dba37374 sp=0x000000a4f01fdf30
Event: 1255.877 Thread 0x00000258822eae60 DEOPT UNPACKING pc=0x00000258dab22b43 sp=0x000000a4f01fd3f8 mode 1
Event: 1255.886 Thread 0x00000258822ea4c0 DEOPT PACKING pc=0x00000258dc8b30cc sp=0x000000a4f0afdba0
Event: 1255.886 Thread 0x00000258822ea4c0 DEOPT UNPACKING pc=0x00000258dab22b43 sp=0x000000a4f0afd058 mode 1
Event: 1255.886 Thread 0x00000258822ea4c0 DEOPT PACKING pc=0x00000258dc129f6c sp=0x000000a4f0afdc50
Event: 1255.886 Thread 0x00000258822ea4c0 DEOPT UNPACKING pc=0x00000258dab22b43 sp=0x000000a4f0afd160 mode 1
Event: 1255.886 Thread 0x00000258822ea4c0 DEOPT PACKING pc=0x00000258dc12c4ac sp=0x000000a4f0afdd40
Event: 1255.886 Thread 0x00000258822ea4c0 DEOPT UNPACKING pc=0x00000258dab22b43 sp=0x000000a4f0afd268 mode 1
Event: 1255.886 Thread 0x00000258822ea4c0 DEOPT PACKING pc=0x00000258dba37764 sp=0x000000a4f0afde40
Event: 1255.886 Thread 0x00000258822ea4c0 DEOPT UNPACKING pc=0x00000258dab22b43 sp=0x000000a4f0afd2e8 mode 1
Event: 1255.886 Thread 0x00000258822ea4c0 DEOPT PACKING pc=0x00000258dba37374 sp=0x000000a4f0afdea0
Event: 1255.886 Thread 0x00000258822ea4c0 DEOPT UNPACKING pc=0x00000258dab22b43 sp=0x000000a4f0afd368 mode 1
Event: 1266.671 Thread 0x00000258fc88d700 DEOPT PACKING pc=0x00000258dbe5969c sp=0x000000a4f11fda40
Event: 1266.671 Thread 0x00000258fc88d700 DEOPT UNPACKING pc=0x00000258dab22b43 sp=0x000000a4f11fcee8 mode 0

Classes loaded (20 events):
Event: 1010.637 Loading class java/lang/ObjectCustomizer
Event: 1010.637 Loading class java/lang/ObjectCustomizer done
Event: 1010.637 Loading class java/lang/ObjectCustomizer
Event: 1010.637 Loading class java/lang/ObjectCustomizer done
Event: 1161.306 Loading class java/lang/ObjectCustomizer
Event: 1161.306 Loading class java/lang/ObjectCustomizer done
Event: 1161.306 Loading class java/lang/ObjectCustomizer
Event: 1161.306 Loading class java/lang/ObjectCustomizer done
Event: 1161.389 Loading class java/lang/ObjectCustomizer
Event: 1161.389 Loading class java/lang/ObjectCustomizer done
Event: 1161.389 Loading class java/lang/ObjectCustomizer
Event: 1161.389 Loading class java/lang/ObjectCustomizer done
Event: 1225.246 Loading class java/lang/ObjectCustomizer
Event: 1225.246 Loading class java/lang/ObjectCustomizer done
Event: 1225.246 Loading class java/lang/ObjectCustomizer
Event: 1225.246 Loading class java/lang/ObjectCustomizer done
Event: 1225.308 Loading class java/lang/ObjectCustomizer
Event: 1225.308 Loading class java/lang/ObjectCustomizer done
Event: 1225.308 Loading class java/lang/ObjectCustomizer
Event: 1225.308 Loading class java/lang/ObjectCustomizer done

Classes unloaded (0 events):
No events

Classes redefined (20 events):
Event: 1155.954 Thread 0x00000258d3238fb0 redefined class name=com.quikloan.server.controller.LoanController, count=1
Event: 1155.954 Thread 0x00000258d3238fb0 redefined class name=com.quikloan.server.controller.LoanController, count=2
Event: 1155.954 Thread 0x00000258d3238fb0 redefined class name=com.quikloan.server.controller.LoanController, count=6
Event: 1155.954 Thread 0x00000258d3238fb0 redefined class name=com.quikloan.server.controller.LoanController, count=4
Event: 1155.954 Thread 0x00000258d3238fb0 redefined class name=com.quikloan.server.controller.LoanController, count=5
Event: 1219.675 Thread 0x00000258d3238fb0 redefined class name=com.quikloan.server.controller.LoanController, count=2
Event: 1219.675 Thread 0x00000258d3238fb0 redefined class name=com.quikloan.server.controller.LoanController, count=3
Event: 1219.676 Thread 0x00000258d3238fb0 redefined class name=com.quikloan.server.controller.LoanController, count=7
Event: 1219.676 Thread 0x00000258d3238fb0 redefined class name=com.quikloan.server.controller.LoanController, count=5
Event: 1219.676 Thread 0x00000258d3238fb0 redefined class name=com.quikloan.server.controller.LoanController, count=3
Event: 1219.676 Thread 0x00000258d3238fb0 redefined class name=com.quikloan.server.controller.LoanController, count=1
Event: 1219.676 Thread 0x00000258d3238fb0 redefined class name=com.quikloan.server.controller.LoanController, count=6
Event: 1266.740 Thread 0x00000258d3238fb0 redefined class name=com.quikloan.server.controller.LoanController, count=3
Event: 1266.740 Thread 0x00000258d3238fb0 redefined class name=com.quikloan.server.controller.LoanController, count=4
Event: 1266.740 Thread 0x00000258d3238fb0 redefined class name=com.quikloan.server.controller.LoanController, count=8
Event: 1266.740 Thread 0x00000258d3238fb0 redefined class name=com.quikloan.server.controller.LoanController, count=6
Event: 1266.740 Thread 0x00000258d3238fb0 redefined class name=com.quikloan.server.controller.LoanController, count=4
Event: 1266.740 Thread 0x00000258d3238fb0 redefined class name=com.quikloan.server.controller.LoanController, count=2
Event: 1266.740 Thread 0x00000258d3238fb0 redefined class name=com.quikloan.server.controller.LoanController, count=1
Event: 1266.740 Thread 0x00000258d3238fb0 redefined class name=com.quikloan.server.controller.LoanController, count=7

Internal exceptions (20 events):
Event: 1161.308 Thread 0x00000258822ec670 Exception <a 'java/lang/ClassNotFoundException'{0x000000070be5cba8}: com/quikloan/server/entity/LoanCustomizer> (0x000000070be5cba8) 
thrown [s\open\src\hotspot\share\classfile\systemDictionary.cpp, line 255]
Event: 1161.389 Thread 0x00000258822ec670 Exception <a 'java/lang/ClassNotFoundException'{0x000000070b46e9b0}: java/lang/ObjectCustomizer> (0x000000070b46e9b0) 
thrown [s\open\src\hotspot\share\classfile\systemDictionary.cpp, line 255]
Event: 1161.393 Thread 0x00000258822ec670 Exception <a 'java/lang/ClassNotFoundException'{0x000000070b476cc8}: com/quikloan/server/entity/UserCustomizer> (0x000000070b476cc8) 
thrown [s\open\src\hotspot\share\classfile\systemDictionary.cpp, line 255]
Event: 1221.322 Thread 0x00000258822ea4c0 Exception <a 'java/lang/InterruptedException'{0x000000070b88e5b0}: sleep interrupted> (0x000000070b88e5b0) 
thrown [s\open\src\hotspot\share\prims\jvm.cpp, line 3083]
Event: 1224.429 Thread 0x0000025884315140 Exception <a 'sun/nio/fs/WindowsException'{0x000000070c4c9d98}> (0x000000070c4c9d98) 
thrown [s\open\src\hotspot\share\prims\jni.cpp, line 516]
Event: 1224.921 Thread 0x0000025884315140 Exception <a 'java/lang/NoClassDefFoundError'{0x000000070a89f130}: org/flywaydb/core/Flyway> (0x000000070a89f130) 
thrown [s\open\src\hotspot\share\oops\constantPool.cpp, line 836]
Event: 1224.922 Thread 0x0000025884315140 Exception <a 'java/lang/NoClassDefFoundError'{0x000000070a89f780}: liquibase/integration/spring/SpringLiquibase> (0x000000070a89f780) 
thrown [s\open\src\hotspot\share\oops\constantPool.cpp, line 836]
Event: 1224.929 Thread 0x0000025884315140 Exception <a 'java/lang/NoClassDefFoundError'{0x000000070a90c258}: org/jooq/DSLContext> (0x000000070a90c258) 
thrown [s\open\src\hotspot\share\oops\constantPool.cpp, line 836]
Event: 1224.930 Thread 0x0000025884315140 Exception <a 'java/lang/NoClassDefFoundError'{0x000000070a91ab38}: org/springframework/batch/core/repository/JobRepository> (0x000000070a91ab38) 
thrown [s\open\src\hotspot\share\oops\constantPool.cpp, line 836]
Event: 1224.931 Thread 0x0000025884315140 Exception <a 'java/lang/NoClassDefFoundError'{0x000000070a91b180}: org/quartz/Scheduler> (0x000000070a91b180) 
thrown [s\open\src\hotspot\share\oops\constantPool.cpp, line 836]
Event: 1224.931 Thread 0x0000025884315140 Exception <a 'java/lang/NoClassDefFoundError'{0x000000070a91b7f0}: org/springframework/session/jdbc/JdbcIndexedSessionRepository> (0x000000070a91b7f0) 
thrown [s\open\src\hotspot\share\oops\constantPool.cpp, line 836]
Event: 1224.985 Thread 0x0000025884315140 Exception <a 'sun/nio/fs/WindowsException'{0x0000000709ee0628}> (0x0000000709ee0628) 
thrown [s\open\src\hotspot\share\prims\jni.cpp, line 516]
Event: 1224.986 Thread 0x0000025884315140 Exception <a 'sun/nio/fs/WindowsException'{0x0000000709ee0c90}> (0x0000000709ee0c90) 
thrown [s\open\src\hotspot\share\prims\jni.cpp, line 516]
Event: 1224.986 Thread 0x0000025884315140 Exception <a 'sun/nio/fs/WindowsException'{0x0000000709ee1368}> (0x0000000709ee1368) 
thrown [s\open\src\hotspot\share\prims\jni.cpp, line 516]
Event: 1225.012 Thread 0x0000025884315140 Exception <a 'java/io/FileNotFoundException'{0x0000000709f2a070}> (0x0000000709f2a070) 
thrown [s\open\src\hotspot\share\prims\jni.cpp, line 516]
Event: 1225.053 Thread 0x0000025884315140 Exception <a 'java/io/FileNotFoundException'{0x0000000709a8d678}> (0x0000000709a8d678) 
thrown [s\open\src\hotspot\share\prims\jni.cpp, line 516]
Event: 1225.246 Thread 0x0000025884315140 Exception <a 'java/lang/ClassNotFoundException'{0x000000070bfa96f8}: java/lang/ObjectCustomizer> (0x000000070bfa96f8) 
thrown [s\open\src\hotspot\share\classfile\systemDictionary.cpp, line 255]
Event: 1225.250 Thread 0x0000025884315140 Exception <a 'java/lang/ClassNotFoundException'{0x000000070bfb26a0}: com/quikloan/server/entity/LoanCustomizer> (0x000000070bfb26a0) 
thrown [s\open\src\hotspot\share\classfile\systemDictionary.cpp, line 255]
Event: 1225.308 Thread 0x0000025884315140 Exception <a 'java/lang/ClassNotFoundException'{0x000000070b26c868}: java/lang/ObjectCustomizer> (0x000000070b26c868) 
thrown [s\open\src\hotspot\share\classfile\systemDictionary.cpp, line 255]
Event: 1225.310 Thread 0x0000025884315140 Exception <a 'java/lang/ClassNotFoundException'{0x000000070b274b80}: com/quikloan/server/entity/UserCustomizer> (0x000000070b274b80) 
thrown [s\open\src\hotspot\share\classfile\systemDictionary.cpp, line 255]

VM Operations (20 events):
Event: 1266.891 Executing VM operation: ChangeBreakpoints
Event: 1266.895 Executing VM operation: ChangeBreakpoints done
Event: 1266.925 Executing VM operation: ChangeBreakpoints
Event: 1266.929 Executing VM operation: ChangeBreakpoints done
Event: 1266.931 Executing VM operation: ChangeBreakpoints
Event: 1266.934 Executing VM operation: ChangeBreakpoints done
Event: 1266.936 Executing VM operation: ChangeBreakpoints
Event: 1266.941 Executing VM operation: ChangeBreakpoints done
Event: 1266.943 Executing VM operation: ChangeBreakpoints
Event: 1266.949 Executing VM operation: ChangeBreakpoints done
Event: 1266.951 Executing VM operation: ChangeBreakpoints
Event: 1266.955 Executing VM operation: ChangeBreakpoints done
Event: 1266.957 Executing VM operation: ChangeBreakpoints
Event: 1266.962 Executing VM operation: ChangeBreakpoints done
Event: 1266.963 Executing VM operation: ChangeBreakpoints
Event: 1266.968 Executing VM operation: ChangeBreakpoints done
Event: 1266.969 Executing VM operation: ChangeBreakpoints
Event: 1266.974 Executing VM operation: ChangeBreakpoints done
Event: 1266.977 Executing VM operation: ChangeSingleStep
Event: 1266.977 Executing VM operation: ChangeSingleStep done

Events (20 events):
Event: 1225.876 Thread 0x00000258fc888ed0 Thread added: 0x00000258fc888ed0
Event: 1225.879 Thread 0x00000258fc88d700 Thread added: 0x00000258fc88d700
Event: 1225.879 Thread 0x00000258fc8876c0 Thread added: 0x00000258fc8876c0
Event: 1225.879 Thread 0x00000258fc886380 Thread added: 0x00000258fc886380
Event: 1225.879 Thread 0x00000258fc886850 Thread added: 0x00000258fc886850
Event: 1225.879 Thread 0x00000258fc887b90 Thread added: 0x00000258fc887b90
Event: 1225.879 Thread 0x00000258fc888530 Thread added: 0x00000258fc888530
Event: 1225.879 Thread 0x00000258fc889870 Thread added: 0x00000258fc889870
Event: 1225.879 Thread 0x00000258fc889d40 Thread added: 0x00000258fc889d40
Event: 1225.879 Thread 0x00000258fc88a210 Thread added: 0x00000258fc88a210
Event: 1225.880 Thread 0x00000258822e9ff0 Thread added: 0x00000258822e9ff0
Event: 1225.881 Thread 0x00000258822ed010 Thread added: 0x00000258822ed010
Event: 1225.881 Thread 0x00000258822ed9b0 Thread added: 0x00000258822ed9b0
Event: 1226.019 Thread 0x0000025884315140 Thread exited: 0x0000025884315140
Event: 1226.019 Thread 0x00000258843194a0 Thread exited: 0x00000258843194a0
Event: 1228.994 Thread 0x00000258fe53efe0 Thread exited: 0x00000258fe53efe0
Event: 1229.029 Thread 0x00000258822ec670 Thread added: 0x00000258822ec670
Event: 1230.535 Thread 0x00000258fc88abb0 Thread exited: 0x00000258fc88abb0
Event: 1255.875 Thread 0x00000258822eae60 Thread added: 0x00000258822eae60
Event: 1255.881 Thread 0x00000258822ea4c0 Thread added: 0x00000258822ea4c0


Dynamic libraries:
0x00007ff633240000 - 0x00007ff633250000 	C:\Program Files\Java\jdk-18.0.2.1\bin\javaw.exe
0x00007ffa49cb0000 - 0x00007ffa49ec4000 	C:\Windows\SYSTEM32\ntdll.dll
0x00007ffa49250000 - 0x00007ffa49312000 	C:\Windows\System32\KERNEL32.DLL
0x00007ffa47720000 - 0x00007ffa47abc000 	C:\Windows\System32\KERNELBASE.dll
0x00007ffa471e0000 - 0x00007ffa472f1000 	C:\Windows\System32\ucrtbase.dll
0x00007ff9fe140000 - 0x00007ff9fe15a000 	C:\Program Files\Java\jdk-18.0.2.1\bin\VCRUNTIME140.dll
0x00007ff9f5ea0000 - 0x00007ff9f5eb8000 	C:\Program Files\Java\jdk-18.0.2.1\bin\jli.dll
0x00007ffa49320000 - 0x00007ffa493ce000 	C:\Windows\System32\ADVAPI32.dll
0x00007ffa48fd0000 - 0x00007ffa49077000 	C:\Windows\System32\msvcrt.dll
0x00007ffa482f0000 - 0x00007ffa48394000 	C:\Windows\System32\sechost.dll
0x00007ffa494e0000 - 0x00007ffa495f7000 	C:\Windows\System32\RPCRT4.dll
0x00007ffa48e20000 - 0x00007ffa48fcb000 	C:\Windows\System32\USER32.dll
0x00007ffa470f0000 - 0x00007ffa47116000 	C:\Windows\System32\win32u.dll
0x00007ffa49770000 - 0x00007ffa49799000 	C:\Windows\System32\GDI32.dll
0x00007ffa474e0000 - 0x00007ffa475f3000 	C:\Windows\System32\gdi32full.dll
0x00007ffa47680000 - 0x00007ffa4771a000 	C:\Windows\System32\msvcp_win.dll
0x00007ffa1f100000 - 0x00007ffa1f38e000 	C:\Windows\WinSxS\amd64_microsoft.windows.common-controls_6595b64144ccf1df_6.0.22621.608_none_a9444ca7c10bb01d\COMCTL32.dll
0x00007ffa36960000 - 0x00007ffa3696a000 	C:\Windows\SYSTEM32\VERSION.dll
0x00007ffa49600000 - 0x00007ffa49631000 	C:\Windows\System32\IMM32.DLL
0x00007ff9fe340000 - 0x00007ff9fe34c000 	C:\Program Files\Java\jdk-18.0.2.1\bin\vcruntime140_1.dll
0x00007ff9e1870000 - 0x00007ff9e18fd000 	C:\Program Files\Java\jdk-18.0.2.1\bin\msvcp140.dll
0x00007ff985cd0000 - 0x00007ff9868e1000 	C:\Program Files\Java\jdk-18.0.2.1\bin\server\jvm.dll
0x00007ffa494d0000 - 0x00007ffa494d8000 	C:\Windows\System32\PSAPI.DLL
0x00007ffa2ba60000 - 0x00007ffa2ba69000 	C:\Windows\SYSTEM32\WSOCK32.dll
0x00007ffa44a20000 - 0x00007ffa44a54000 	C:\Windows\SYSTEM32\WINMM.dll
0x00007ffa48250000 - 0x00007ffa482c1000 	C:\Windows\System32\WS2_32.dll
0x00007ffa46200000 - 0x00007ffa46218000 	C:\Windows\SYSTEM32\kernel.appcore.dll
0x00007ff9fe130000 - 0x00007ff9fe13a000 	C:\Program Files\Java\jdk-18.0.2.1\bin\jimage.dll
0x00007ffa44760000 - 0x00007ffa4498e000 	C:\Windows\SYSTEM32\DBGHELP.DLL
0x00007ffa47ec0000 - 0x00007ffa48249000 	C:\Windows\System32\combase.dll
0x00007ffa49170000 - 0x00007ffa49247000 	C:\Windows\System32\OLEAUT32.dll
0x00007ffa44640000 - 0x00007ffa44672000 	C:\Windows\SYSTEM32\dbgcore.DLL
0x00007ffa47600000 - 0x00007ffa4767b000 	C:\Windows\System32\bcryptPrimitives.dll
0x00007ffa02c60000 - 0x00007ffa02c9b000 	C:\Program Files\Java\jdk-18.0.2.1\bin\jdwp.dll
0x00007ffa30670000 - 0x00007ffa3067e000 	C:\Program Files\Java\jdk-18.0.2.1\bin\instrument.dll
0x00007ff9e9c50000 - 0x00007ff9e9c75000 	C:\Program Files\Java\jdk-18.0.2.1\bin\java.dll
0x00007ff9d8a00000 - 0x00007ff9d8ad6000 	C:\Program Files\Java\jdk-18.0.2.1\bin\jsvml.dll
0x00007ffa483a0000 - 0x00007ffa48b90000 	C:\Windows\System32\SHELL32.dll
0x00007ffa450b0000 - 0x00007ffa4597d000 	C:\Windows\SYSTEM32\windows.storage.dll
0x00007ffa44f70000 - 0x00007ffa450ae000 	C:\Windows\SYSTEM32\wintypes.dll
0x00007ffa47dc0000 - 0x00007ffa47eb1000 	C:\Windows\System32\SHCORE.dll
0x00007ffa48c20000 - 0x00007ffa48c7e000 	C:\Windows\System32\shlwapi.dll
0x00007ffa47020000 - 0x00007ffa47041000 	C:\Windows\SYSTEM32\profapi.dll
0x00007ffa2e2d0000 - 0x00007ffa2e2dc000 	C:\Program Files\Java\jdk-18.0.2.1\bin\dt_socket.dll
0x00007ffa45c10000 - 0x00007ffa45c3d000 	C:\Windows\SYSTEM32\IPHLPAPI.DLL
0x00007ffa46680000 - 0x00007ffa466e9000 	C:\Windows\system32\mswsock.dll
0x00007ffa45c90000 - 0x00007ffa45d83000 	C:\Windows\SYSTEM32\DNSAPI.dll
0x00007ffa49160000 - 0x00007ffa49169000 	C:\Windows\System32\NSI.dll
0x00007ffa38680000 - 0x00007ffa3868a000 	C:\Windows\System32\rasadhlp.dll
0x00007ffa388e0000 - 0x00007ffa38963000 	C:\Windows\System32\fwpuclnt.dll
0x00007ff9e9c00000 - 0x00007ff9e9c18000 	C:\Program Files\Java\jdk-18.0.2.1\bin\zip.dll
0x00007ff9f5e80000 - 0x00007ff9f5e93000 	C:\Program Files\Java\jdk-18.0.2.1\bin\net.dll
0x00007ffa3cfb0000 - 0x00007ffa3d0e7000 	C:\Windows\SYSTEM32\WINHTTP.dll
0x00007ff9e9c30000 - 0x00007ff9e9c46000 	C:\Program Files\Java\jdk-18.0.2.1\bin\nio.dll
0x00007ff9ffc40000 - 0x00007ff9ffc50000 	C:\Program Files\Java\jdk-18.0.2.1\bin\verify.dll
0x00007ffa3f070000 - 0x00007ffa3f079000 	C:\Program Files\Java\jdk-18.0.2.1\bin\management.dll
0x00007ffa3a880000 - 0x00007ffa3a88b000 	C:\Program Files\Java\jdk-18.0.2.1\bin\management_ext.dll
0x00007ffa3bc30000 - 0x00007ffa3bc49000 	C:\Windows\SYSTEM32\dhcpcsvc6.DLL
0x00007ffa3b890000 - 0x00007ffa3b8af000 	C:\Windows\SYSTEM32\dhcpcsvc.DLL
0x00007ffa12a00000 - 0x00007ffa12a17000 	C:\Windows\system32\napinsp.dll
0x00007ffa14130000 - 0x00007ffa1414b000 	C:\Windows\system32\pnrpnsp.dll
0x00007ffa13910000 - 0x00007ffa13921000 	C:\Windows\System32\winrnr.dll
0x00007ffa38830000 - 0x00007ffa38845000 	C:\Windows\system32\wshbth.dll
0x00007ffa12590000 - 0x00007ffa125b1000 	C:\Windows\system32\nlansp_c.dll
0x00007ffa46900000 - 0x00007ffa4691b000 	C:\Windows\SYSTEM32\CRYPTSP.dll
0x00007ffa46170000 - 0x00007ffa461a5000 	C:\Windows\system32\rsaenh.dll
0x00007ffa467a0000 - 0x00007ffa467c8000 	C:\Windows\SYSTEM32\USERENV.dll
0x00007ffa46ac0000 - 0x00007ffa46ae8000 	C:\Windows\SYSTEM32\bcrypt.dll
0x00007ffa46920000 - 0x00007ffa4692c000 	C:\Windows\SYSTEM32\CRYPTBASE.dll
0x00007ff9ffc30000 - 0x00007ff9ffc3e000 	C:\Program Files\Java\jdk-18.0.2.1\bin\sunmscapi.dll
0x00007ffa47300000 - 0x00007ffa47466000 	C:\Windows\System32\CRYPT32.dll
0x00007ffa46a90000 - 0x00007ffa46abe000 	C:\Windows\SYSTEM32\ncrypt.dll
0x00007ffa46a50000 - 0x00007ffa46a87000 	C:\Windows\SYSTEM32\NTASN1.dll

dbghelp: loaded successfully - version: 4.0.5 - missing functions: none
symbol engine: initialized successfully - sym options: 0x614 - pdb path: .;C:\Program Files\Java\jdk-18.0.2.1\bin;C:\Windows\SYSTEM32;C:\Windows\WinSxS\amd64_microsoft.windows.common-controls_6595b64144ccf1df_6.0.22621.608_none_a9444ca7c10bb01d;C:\Program Files\Java\jdk-18.0.2.1\bin\server

VM Arguments:
jvm_args: -XX:+ShowCodeDetailsInExceptionMessages -agentlib:jdwp=transport=dt_socket,suspend=y,address=localhost:65362 -javaagent:C:\Users\harsh\eclipse\jee-2022-122\eclipse\configuration\org.eclipse.osgi\420\0\.cp\lib\javaagent-shaded.jar -Dfile.encoding=UTF-8 
java_command: com.quikloan.server.ServerApplication
java_class_path (initial): C:\SEM 2\INFO6250\project\primary\server\target\classes;C:\Users\harsh\.m2\repository\org\json\json\20210307\json-20210307.jar;C:\Users\harsh\.m2\repository\org\springframework\boot\spring-boot-starter-data-jpa\2.7.11-SNAPSHOT\spring-boot-starter-data-jpa-2.7.11-SNAPSHOT.jar;C:\Users\harsh\.m2\repository\org\springframework\boot\spring-boot-starter-aop\2.7.11-SNAPSHOT\spring-boot-starter-aop-2.7.11-SNAPSHOT.jar;C:\Users\harsh\.m2\repository\org\springframework\spring-aop\5.3.27\spring-aop-5.3.27.jar;C:\Users\harsh\.m2\repository\org\aspectj\aspectjweaver\1.9.7\aspectjweaver-1.9.7.jar;C:\Users\harsh\.m2\repository\org\springframework\boot\spring-boot-starter-jdbc\2.7.11-SNAPSHOT\spring-boot-starter-jdbc-2.7.11-SNAPSHOT.jar;C:\Users\harsh\.m2\repository\com\zaxxer\HikariCP\4.0.3\HikariCP-4.0.3.jar;C:\Users\harsh\.m2\repository\org\springframework\spring-jdbc\5.3.27\spring-jdbc-5.3.27.jar;C:\Users\harsh\.m2\repository\jakarta\transaction\jakarta.transaction-api\1.3.3\jakarta.transaction-api-1.3.3.jar;C:\Users\harsh\.m2\repository\jakarta\persistence\jakarta.persistence-api\2.2.3\jakarta.persistence-api-2.2.3.jar;C:\Users\harsh\.m2\repository\org\hibernate\hibernate-core\5.6.15.Final\hibernate-core-5.6.15.Final.jar;C:\Users\harsh\.m2\repository\org\jboss\logging\jboss-logging\3.4.3.Final\jboss-logging-3.4.3.Final.jar;C:\Users\harsh\.m2\repository\net\bytebuddy\byte-buddy\1.12.23\byte-buddy-1.12.23.jar;C:\Users\harsh\.m2\repository\antlr\antlr\2.7.7\antlr-2.7.7.jar;C:\Users\harsh\.m2\repository\org\jboss\jandex\2.4.2.Final\jandex-2.4.2.Final.jar;C:\Users\harsh\.m2\repository\com\fasterxml\classmate\1.5.1\classmate-1.5.1.jar;C:\Users\harsh\.m2\repository\org\hibernate\common\hibernate-commons-annotations\5.1.2.Final\hibernate-commons-annotations-5.1.2.Final.jar;C:\Users\harsh\.m2\repository\org\glassfish\jaxb\jaxb-runtime\2.3.8\jaxb-runtime-2.3.8.jar;C:\Users\harsh\.m2\repository\org\glassfish\jaxb\txw2\2.3.8\txw2-2.3.8.jar;C:\Users\harsh\.m2\repository\com\sun\istack\istack-commons-runtime\3.0.12\istack-commons-runtime-3.0.12.jar;C:\Users\harsh\.m2\repository\com\sun\activation\jakarta.activation\1.2.2\jakarta.activation-1.2.2.jar;C:\Users\harsh\.m2\repository\org\springframework\data\spring-data-jpa\2.7.11\spring-data-jpa-2.7.11.jar;C:\Users\harsh\.m2\repository\org\springframework\data\spring-data-commons\2.7.11\spring-data-commons-2.7.11.jar;C:\Users\harsh\.m2\repository\org\springframework\spring-orm\5.3.27\spring-orm-5.3.27.jar;C:\Users\harsh\.m2\repository\org\springframework\spring-context\5.3.27\spring-context-5.3.27.jar;C:\Users\harsh\.m2\repository\org\springframework\spring-tx\5.3.27\spring-tx-5.3.27.jar;C:\Users\harsh\.m2\repository\org\springframework\spring-beans\5.3.27\spring-beans-5.3.27.jar;C:\Users\harsh\.m2\repository\org\slf4j\slf4j-api\1.7.36\slf4j-api-1.7.36.jar;C:\Users\harsh\.m2\repository\org\springframework\spring-aspects\5.3.27\spring-aspects-5.3.27.jar;C:\Users\harsh\.m2\repository\org\springframework\boot\spring-boot-starter-web\2.7.11-SNAPSHOT\spring-boot-starter-web-2.7.11-SNAPSHOT.jar;C:\Users\harsh\.m2\repository\org\springframework\boot\spring-boot-starter\2.7.11-SNAPSHOT\spring-boot-starter-2.7.11-SNAPSHOT.jar;C:\Users\harsh\.m2\repository\org\springframework\boot\spring-boot-starter-logging\2.7.11-SNAPSHOT\spring-boot-starter-logging-2.7.11-SNAPSHOT.jar;C:\Users\harsh\.m2\repository\ch\qos\logback\logback-classic\1.2.12\logback-classic-1.2.12.jar;C:\Users\harsh\.m2\repository\ch\qos\logback\logback-core\1.2.12\logback-core-1.2.12.jar;C:\Users\harsh\.m2\repository\org\apache\logging\log4j\log4j-to-slf4j\2.17.2\log4j-to-slf4j-2.17.2.jar;C:\Users\harsh\.m2\repository\org\apache\logging\log4j\log4j-api\2.17.2\log4j-api-2.17.2.jar;C:\Users\harsh\.m2\repository\org\slf4j\jul-to-slf4j\1.7.36\jul-to-slf4j-1.7.36.jar;C:\Users\harsh\.m2\repository\jakarta\annotation\jakarta.annotation-api\1.3.5\jakarta.annotation-api-1.3.5.jar;C:\Users\harsh\.m2\repository\org\yaml\snakeyaml\1.30\snakeyaml-1.30.jar;C:\Users\harsh\.m2\repository\org\springframework\boot\spring-boot-starter-json\2.7.11-SNAPSHOT\spring-boot-starter-json-2.7.11-SNAPSHOT.jar;C:\Users\harsh\.m2\repository\com\fasterxml\jackson\core\jackson-databind\2.13.5\jackson-databind-2.13.5.jar;C:\Users\harsh\.m2\repository\com\fasterxml\jackson\datatype\jackson-datatype-jdk8\2.13.5\jackson-datatype-jdk8-2.13.5.jar;C:\Users\harsh\.m2\repository\com\fasterxml\jackson\datatype\jackson-datatype-jsr310\2.13.5\jackson-datatype-jsr310-2.13.5.jar;C:\Users\harsh\.m2\repository\com\fasterxml\jackson\module\jackson-module-parameter-names\2.13.5\jackson-module-parameter-names-2.13.5.jar;C:\Users\harsh\.m2\repository\org\springframework\boot\spring-boot-starter-tomcat\2.7.11-SNAPSHOT\spring-boot-starter-tomcat-2.7.11-SNAPSHOT.jar;C:\Users\harsh\.m2\repository\org\apache\tomcat\embed\tomcat-embed-core\9.0.74\tomcat-embed-core-9.0.74.jar;C:\Users\harsh\.m2\repository\org\apache\tomcat\embed\tomcat-embed-el\9.0.74\tomcat-embed-el-9.0.74.jar;C:\Users\harsh\.m2\repository\org\apache\tomcat\embed\tomcat-embed-websocket\9.0.74\tomcat-embed-websocket-9.0.74.jar;C:\Users\harsh\.m2\repository\org\springframework\spring-web\5.3.27\spring-web-5.3.27.jar;C:\Users\harsh\.m2\repository\org\springframework\spring-webmvc\5.3.27\spring-webmvc-5.3.27.jar;C:\Users\harsh\.m2\repository\org\springframework\spring-expression\5.3.27\spring-expression-5.3.27.jar;C:\Users\harsh\.m2\repository\org\springframework\cloud\spring-cloud-starter-netflix-eureka-client\3.1.5\spring-cloud-starter-netflix-eureka-client-3.1.5.jar;C:\Users\harsh\.m2\repository\org\springframework\cloud\spring-cloud-starter\3.1.6\spring-cloud-starter-3.1.6.jar;C:\Users\harsh\.m2\repository\org\springframework\cloud\spring-cloud-context\3.1.6\spring-cloud-context-3.1.6.jar;C:\Users\harsh\.m2\repository\org\springframework\security\spring-security-crypto\5.7.8\spring-security-crypto-5.7.8.jar;C:\Users\harsh\.m2\repository\org\springframework\cloud\spring-cloud-commons\3.1.6\spring-cloud-commons-3.1.6.jar;C:\Users\harsh\.m2\repository\org\springframework\security\spring-security-rsa\1.0.11.RELEASE\spring-security-rsa-1.0.11.RELEASE.jar;C:\Users\harsh\.m2\repository\org\bouncycastle\bcpkix-jdk15on\1.69\bcpkix-jdk15on-1.69.jar;C:\Users\harsh\.m2\repository\org\bouncycastle\bcprov-jdk15on\1.69\bcprov-jdk15on-1.69.jar;C:\Users\harsh\.m2\repository\org\bouncycastle\bcutil-jdk15on\1.69\bcutil-jdk15on-1.69.jar;C:\Users\harsh\.m2\repository\org\springframework\cloud\spring-cloud-netflix-eureka-client\3.1.5\spring-cloud-netflix-eureka-client-3.1.5.jar;C:\Users\harsh\.m2\repository\com\netflix\eureka\eureka-client\1.10.17\eureka-client-1.10.17.jar;C:\Users\harsh\.m2\repository\com\netflix\netflix-commons\netflix-eventbus\0.3.0\netflix-eventbus-0.3.0.jar;C:\Users\harsh\.m2\repository\com\netflix\netflix-commons\netflix-infix\0.3.0\netflix-infix-0.3.0.jar;C:\Users\harsh\.m2\repository\commons-jxpath\commons-jxpath\1.3\commons-jxpath-1.3.jar;C:\Users\harsh\.m2\repository\joda-time\joda-time\2.3\joda-time-2.3.jar;C:\Users\harsh\.m2\repository\org\antlr\antlr-runtime\3.4\antlr-runtime-3.4.jar;C:\Users\harsh\.m2\repository\org\antlr\stringtemplate\3.2.1\stringtemplate-3.2.1.jar;C:\Users\harsh\.m2\repository\com\google\code\gson\gson\2.9.1\gson-2.9.1.jar;C:\Users\harsh\.m2\repository\org\apache\commons\commons-math\2.2\commons-math-2.2.jar;C:\Users\harsh\.m2\repository\com\thoughtworks\xstream\xstream\1.4.18\xstream-1.4.18.jar;C:\Users\harsh\.m2\repository\io\github\x-stream\mxparser\1.2.2\mxparser-1.2.2.jar;C:\Users\harsh\.m2\repository\xmlpull\xmlpull\1.1.3.1\xmlpull-1.1.3.1.jar;C:\Users\harsh\.m2\repository\javax\ws\rs\jsr311-api\1.1.1\jsr311-api-1.1.1.jar;C:\Users\harsh\.m2\repository\com\netflix\servo\servo-core\0.12.21\servo-core-0.12.21.jar;C:\Users\harsh\.m2\repository\com\google\guava\guava\19.0\guava-19.0.jar;C:\Users\harsh\.m2\repository\org\apache\httpcomponents\httpclient\4.5.14\httpclient-4.5.14.jar;C:\Users\harsh\.m2\repository\org\apache\httpcomponents\httpcore\4.4.16\httpcore-4.4.16.jar;C:\Users\harsh\.m2\repository\commons-codec\commons-codec\1.15\commons-codec-1.15.jar;C:\Users\harsh\.m2\repository\commons-configuration\commons-configuration\1.10\commons-configuration-1.10.jar;C:\Users\harsh\.m2\repository\commons-lang\commons-lang\2.6\commons-lang-2.6.jar;C:\Users\harsh\.m2\repository\com\google\inject\guice\4.1.0\guice-4.1.0.jar;C:\Users\harsh\.m2\repository\javax\inject\javax.inject\1\javax.inject-1.jar;C:\Users\harsh\.m2\repository\com\fasterxml\jackson\core\jackson-annotations\2.13.5\jackson-annotations-2.13.5.jar;C:\Users\harsh\.m2\repository\com\fasterxml\jackson\core\jackson-core\2.13.5\jackson-core-2.13.5.jar;C:\Users\harsh\.m2\repository\org\codehaus\jettison\jettison\1.4.0\jettison-1.4.0.jar;C:\Users\harsh\.m2\repository\com\netflix\eureka\eureka-core\1.10.17\eureka-core-1.10.17.jar;C:\Users\harsh\.m2\repository\com\fasterxml\woodstox\woodstox-core\6.2.1\woodstox-core-6.2.1.jar;C:\Users\harsh\.m2\repository\org\codehaus\woodstox\stax2-api\4.2.1\stax2-api-4.2.1.jar;C:\Users\harsh\.m2\repository\org\springframework\cloud\spring-cloud-starter-loadbalancer\3.1.6\spring-cloud-starter-loadbalancer-3.1.6.jar;C:\Users\harsh\.m2\repository\org\springframework\cloud\spring-cloud-loadbalancer\3.1.6\spring-cloud-loadbalancer-3.1.6.jar;C:\Users\harsh\.m2\repository\io\projectreactor\reactor-core\3.4.29\reactor-core-3.4.29.jar;C:\Users\harsh\.m2\repository\org\reactivestreams\reactive-streams\1.0.4\reactive-streams-1.0.4.jar;C:\Users\harsh\.m2\repository\io\projectreactor\addons\reactor-extra\3.4.10\reactor-extra-3.4.10.jar;C:\Users\harsh\.m2\repository\org\springframework\boot\spring-boot-starter-cache\2.7.11-SNAPSHOT\spring-boot-starter-cache-2.7.11-SNAPSHOT.jar;C:\Users\harsh\.m2\repository\org\springframework\spring-context-support\5.3.27\spring-context-support-5.3.27.jar;C:\Users\harsh\.m2\repository\com\stoyanr\evictor\1.0.0\evictor-1.0.0.jar;C:\Users\harsh\.m2\repository\org\springframework\boot\spring-boot-devtools\2.7.11-SNAPSHOT\spring-boot-devtools-2.7.11-SNAPSHOT.jar;C:\Users\harsh\.m2\repository\org\springframework\boot\spring-boot\2.7.11-SNAPSHOT\spring-boot-2.7.11-SNAPSHOT.jar;C:\Users\harsh\.m2\repository\org\springframework\boot\spring-boot-autoconfigure\2.7.11-SNAPSHOT\spring-boot-autoconfigure-2.7.11-SNAPSHOT.jar;C:\Users\harsh\.m2\repository\com\mysql\mysql-connector-j\8.0.33\mysql-connector-j-8.0.33.jar;C:\Users\harsh\.m2\repository\jakarta\xml\bind\jakarta.xml.bind-api\2.3.3\jakarta.xml.bind-api-2.3.3.jar;C:\Users\harsh\.m2\repository\jakarta\activation\jakarta.activation-api\1.2.2\jakarta.activation-api-1.2.2.jar;C:\Users\harsh\.m2\repository\org\springframework\spring-core\5.3.27\spring-core-5.3.27.jar;C:\Users\harsh\.m2\repository\org\springframework\spring-jcl\5.3.27\spring-jcl-5.3.27.jar
Launcher Type: SUN_STANDARD

[Global flags]
     intx CICompilerCount                          = 4                                         {product} {ergonomic}
     uint ConcGCThreads                            = 3                                         {product} {ergonomic}
     uint G1ConcRefinementThreads                  = 10                                        {product} {ergonomic}
   size_t G1HeapRegionSize                         = 2097152                                   {product} {ergonomic}
    uintx GCDrainStackTargetSize                   = 64                                        {product} {ergonomic}
   size_t InitialHeapSize                          = 264241152                                 {product} {ergonomic}
   size_t MarkStackSize                            = 4194304                                   {product} {ergonomic}
   size_t MaxHeapSize                              = 4213178368                                {product} {ergonomic}
   size_t MaxNewSize                               = 2527068160                                {product} {ergonomic}
   size_t MinHeapDeltaBytes                        = 2097152                                   {product} {ergonomic}
   size_t MinHeapSize                              = 8388608                                   {product} {ergonomic}
    uintx NonNMethodCodeHeapSize                   = 5839372                                {pd product} {ergonomic}
    uintx NonProfiledCodeHeapSize                  = 122909434                              {pd product} {ergonomic}
    uintx ProfiledCodeHeapSize                     = 122909434                              {pd product} {ergonomic}
    uintx ReservedCodeCacheSize                    = 251658240                              {pd product} {ergonomic}
     bool SegmentedCodeCache                       = true                                      {product} {ergonomic}
     bool ShowCodeDetailsInExceptionMessages       = true                                   {manageable} {command line}
   size_t SoftMaxHeapSize                          = 4213178368                             {manageable} {ergonomic}
     bool UseCompressedClassPointers               = true                           {product lp64_product} {ergonomic}
     bool UseCompressedOops                        = true                           {product lp64_product} {ergonomic}
     bool UseG1GC                                  = true                                      {product} {ergonomic}
     bool UseLargePagesIndividualAllocation        = false                                  {pd product} {ergonomic}

Logging:
Log output configuration:
 #0: stdout all=warning uptime,level,tags foldmultilines=false
 #1: stderr all=off uptime,level,tags foldmultilines=false

Environment Variables:
PATH=C:\app\harsh\product\21c\dbhomeXE\bin;C:\Program Files\Common Files\Oracle\Java\javapath;C:\Windows\system32;C:\Windows;C:\Windows\System32\Wbem;C:\Windows\System32\WindowsPowerShell\v1.0\;C:\Windows\System32\OpenSSH\;C:\Program Files\dotnet\;C:\Program Files (x86)\GitExtensions\;C:\Program Files\Git\cmd;C:\Program Files\nodejs\;C:\Program Files\Docker\Docker\resources\bin;C:\Users\harsh\AppData\Local\Programs\Python\Python311\Scripts\;C:\Users\harsh\AppData\Local\Programs\Python\Python311\;C:\Users\harsh\AppData\Local\Microsoft\WindowsApps;;C:\Users\harsh\AppData\Local\Programs\Microsoft VS Code\bin;C:\Users\harsh\AppData\Roaming\npm
USERNAME=harsh
OS=Windows_NT
PROCESSOR_IDENTIFIER=Intel64 Family 6 Model 154 Stepping 4, GenuineIntel



---------------  S Y S T E M  ---------------

OS:
 Windows 11 , 64 bit Build 22621 (10.0.22621.1485)
OS uptime: 0 days 6:23 hours
Hyper-V role detected

CPU: total 12 (initial active 12) (6 cores per cpu, 2 threads per core) family 6 model 154 stepping 4 microcode 0x423, cx8, cmov, fxsr, ht, mmx, 3dnowpref, sse, sse2, sse3, ssse3, sse4.1, sse4.2, popcnt, lzcnt, tsc, tscinvbit, avx, avx2, aes, erms, clmul, bmi1, bmi2, adx, sha, fma, vzeroupper, clflush, clflushopt, clwb, hv, serialize

Memory: 4k page, system-wide physical 16068M (512M free)
TotalPageFile size 48836M (AvailPageFile size 15315M)
current process WorkingSet (physical memory assigned to process): 377M, peak: 397M
current process commit charge ("private bytes"): 421M, peak: 454M

vm_info: Java HotSpot(TM) 64-Bit Server VM (18.0.2.1+1-1) for windows-amd64 JRE (18.0.2.1+1-1), built on Aug 16 2022 01:46:33 by "mach5one" with MS VC++ 16.8 / 16.9 (VS2019)

END.
