#
# A fatal error has been detected by the Java Runtime Environment:
#
#  EXCEPTION_ACCESS_VIOLATION (0xc0000005) at pc=0x00000194112d053f, pid=16348, tid=896
#
# JRE version: Java(TM) SE Runtime Environment (18.0.2.1+1) (build 18.0.2.1+1-1)
# Java VM: Java HotSpot(TM) 64-Bit Server VM (18.0.2.1+1-1, mixed mode, sharing, tiered, compressed oops, compressed class ptrs, g1 gc, windows-amd64)
# Problematic frame:
# v  ~BufferBlob::MethodHandles adapters
#
# No core dump will be written. Minidumps are not enabled by default on client versions of Windows
#
# If you would like to submit a bug report, please visit:
#   https://bugreport.java.com/bugreport/crash.jsp
#

---------------  S U M M A R Y ------------

Command Line: -XX:+ShowCodeDetailsInExceptionMessages -agentlib:jdwp=transport=dt_socket,suspend=y,address=localhost:64006 -javaagent:C:\Users\harsh\eclipse\jee-2022-122\eclipse\configuration\org.eclipse.osgi\420\0\.cp\lib\javaagent-shaded.jar -Dfile.encoding=UTF-8 com.quikloan.server.ServerApplication

Host: 12th Gen Intel(R) Core(TM) i7-1255U, 12 cores, 15G,  Windows 11 , 64 bit Build 22621 (10.0.22621.1485)
Time: Tue Apr 25 18:13:49 2023 Eastern Daylight Time elapsed time: 780.669020 seconds (0d 0h 13m 0s)

---------------  T H R E A D  ---------------

Current thread (0x0000019432ba28b0):  JavaThread "http-nio-5000-exec-1" daemon [_thread_in_Java, id=896, stack(0x0000002549e00000,0x0000002549f00000)]

Stack: [0x0000002549e00000,0x0000002549f00000],  sp=0x0000002549efd8f8,  free space=1014k
Native frames: (J=compiled Java code, j=interpreted, Vv=VM code, C=native code)
C  0x00000194112d053f


siginfo: EXCEPTION_ACCESS_VIOLATION (0xc0000005), reading address 0x00000000000800a5


Register to memory mapping:

RIP=0x00000194112d053f is at begin+92 in a stub
MethodHandle::interpreter_entry::_linkToVirtual [0x00000194112d04e3, 0x00000194112d054a] (103 bytes)
RAX=0x000001941129a42c is at code_begin+4812 in an Interpreter codelet
return entry points  [0x0000019411299160, 0x000001941129b380]  8736 bytes
RBX=0x000000000008006d is an unknown value
RCX=0x0000002549efd900 is pointing into the stack for thread: 0x0000019432ba28b0
RDX=0x0000000000000002 is an unknown value
RSP=0x0000002549efd8f8 is pointing into the stack for thread: 0x0000019432ba28b0
RBP=0x0000002549efd948 is pointing into the stack for thread: 0x0000019432ba28b0
RSI=0x0000019432173708 points into unknown readable memory: 0x800019232ccf986d | 6d 98 cf 2c 23 19 00 80
RDI=0x0000019437d66a80 points into unknown readable memory: 0x0000001800000060 | 60 00 00 00 18 00 00 00
R8 =0x0000000000000004 is an unknown value
R9 =0x0000000000000004 is an unknown value
R10=0x00000008006dd3f2 is pointing into metadata
R11=0x0000000000000001 is an unknown value
R12=0x0 is NULL
R13=0x0000002549efd8f8 is pointing into the stack for thread: 0x0000019432ba28b0
R14=0x0000002549efd968 is pointing into the stack for thread: 0x0000019432ba28b0
R15=0x0000019432ba28b0 is a thread


Registers:
RAX=0x000001941129a42c, RBX=0x000000000008006d, RCX=0x0000002549efd900, RDX=0x0000000000000002
RSP=0x0000002549efd8f8, RBP=0x0000002549efd948, RSI=0x0000019432173708, RDI=0x0000019437d66a80
R8 =0x0000000000000004, R9 =0x0000000000000004, R10=0x00000008006dd3f2, R11=0x0000000000000001
R12=0x0000000000000000, R13=0x0000002549efd8f8, R14=0x0000002549efd968, R15=0x0000019432ba28b0
RIP=0x00000194112d053f, EFLAGS=0x0000000000010202

Top of Stack: (sp=0x0000002549efd8f8)
0x0000002549efd8f8:   000001941129a42c 0000002549efd900
0x0000002549efd908:   00000008006dd3f2 0000002549efd968
0x0000002549efd918:   00000008000c4a00 0000019430fc7b40
0x0000002549efd928:   00000007051c7208 00000008000c72d8
0x0000002549efd938:   0000002549efd8f8 0000002549efd970
0x0000002549efd948:   0000000708a37190 0000019411f08e96
0x0000002549efd958:   00000007063f6e60 0000000707215000
0x0000002549efd968:   00000007063f6e90 0000000708633aa8
0x0000002549efd978:   0000000000000000 0000000708839300
0x0000002549efd988:   0000019411299efa 00000007063f6ee0
0x0000002549efd998:   0000000707215000 00000007063f6eb8
0x0000002549efd9a8:   00000007063f6e90 0000000707215000
0x0000002549efd9b8:   0000019411f08d1c 00000007063f6ee0
0x0000002549efd9c8:   00000194193b9abc 0000002500000001
0x0000002549efd9d8:   0000019430c9ae98 0000002549efda68
0x0000002549efd9e8:   0000019411299efa 00000007063f6f08 

Instructions: (pc=0x00000194112d053f)
0x00000194112d043f:   00 80 04 2d 11 94 01 00 00 20 14 2d 11 94 01 00
0x00000194112d044f:   00 78 04 2d 11 94 01 00 00 78 04 2d 11 94 01 00
0x00000194112d045f:   00 00 00 00 00 00 00 00 00 00 00 00 00 00 00 00
0x00000194112d046f:   00 08 3a 5d 86 f9 7f 00 00 00 00 00 00 00 00 00
0x00000194112d047f:   00 f4 66 66 66 0f 1f 84 00 00 00 00 00 66 66 66
0x00000194112d048f:   90 66 66 66 0f 1f 84 00 00 00 00 00 66 66 66 90
0x00000194112d049f:   90 48 8b 53 08 0f b7 52 2c 48 8b 0c d4 8b 59 14
0x00000194112d04af:   48 c1 e3 03 8b 5b 28 48 c1 e3 03 8b 5b 24 48 c1
0x00000194112d04bf:   e3 03 48 8b 5b 10 48 85 db 0f 84 10 00 00 00 41
0x00000194112d04cf:   80 bf 80 04 00 00 00 74 03 ff 63 38 ff 63 50 e9
0x00000194112d04df:   1d 16 00 00 66 66 66 0f 1f 84 00 00 00 00 00 66
0x00000194112d04ef:   66 66 90 66 66 0f 1f 84 00 00 00 00 00 66 66 66
0x00000194112d04ff:   90 48 8b 53 08 0f b7 52 2c 48 8b 0c d4 58 5b 50
0x00000194112d050f:   44 8b 51 08 49 bb 00 00 00 00 08 00 00 00 4d 03
0x00000194112d051f:   d3 4c 8b 5b 10 4b 8b 9c da b8 01 00 00 48 85 db
0x00000194112d052f:   0f 84 10 00 00 00 41 80 bf 80 04 00 00 00 74 03
0x00000194112d053f:   ff 63 38 ff 63 50 e9 b6 15 00 00 66 66 66 0f 1f
0x00000194112d054f:   84 00 00 00 00 00 66 66 66 90 0f 1f 80 00 00 00
0x00000194112d055f:   00 58 5b 50 8b 5b 24 48 c1 e3 03 48 8b 5b 10 48
0x00000194112d056f:   85 db 0f 84 10 00 00 00 41 80 bf 80 04 00 00 00
0x00000194112d057f:   74 03 ff 63 38 ff 63 50 e9 74 15 00 00 66 66 66
0x00000194112d058f:   0f 1f 84 00 00 00 00 00 66 66 66 90 0f 1f 44 00
0x00000194112d059f:   00 48 8b 53 08 0f b7 52 2c 48 8b 0c d4 58 5b 50
0x00000194112d05af:   48 3b 01 8b 5b 24 48 c1 e3 03 48 8b 5b 10 48 85
0x00000194112d05bf:   db 0f 84 10 00 00 00 41 80 bf 80 04 00 00 00 74
0x00000194112d05cf:   03 ff 63 38 ff 63 50 e9 25 15 00 00 0f 1f 44 00
0x00000194112d05df:   00 48 8b 53 08 0f b7 52 2c 48 8b 0c d4 58 5b 50
0x00000194112d05ef:   44 8b 51 08 49 bb 00 00 00 00 08 00 00 00 4d 03
0x00000194112d05ff:   d3 8b 43 18 48 c1 e0 03 48 8b 40 10 48 8b 5b 10
0x00000194112d060f:   45 8b 9a a0 00 00 00 4f 8d 9c da b8 01 00 00 4d
0x00000194112d061f:   8d 14 da 49 8b 1b 48 3b c3 74 15 48 85 db 0f 84
0x00000194112d062f:   32 00 00 00 49 83 c3 10 49 8b 1b 48 3b c3 75 eb 


Stack slot to memory mapping:
stack at sp + 0 slots: 0x000001941129a42c is at code_begin+4812 in an Interpreter codelet
return entry points  [0x0000019411299160, 0x000001941129b380]  8736 bytes
stack at sp + 1 slots: 0x0000002549efd900 is pointing into the stack for thread: 0x0000019432ba28b0
stack at sp + 2 slots: 0x00000008006dd3f2 is pointing into metadata
stack at sp + 3 slots: 0x0000002549efd968 is pointing into the stack for thread: 0x0000019432ba28b0
stack at sp + 4 slots: 0x00000008000c4a00 is pointing into metadata
stack at sp + 5 slots: 0x0000019430fc7b40 is pointing into metadata
stack at sp + 6 slots: 0x00000007051c7208 is an oop: java.lang.Class 
{0x00000007051c7208} - klass: 'java/lang/Class'
 - ---- fields (total size 14 words):
 - private volatile transient 'classRedefinedCount' 'I' @12  0
 - abstract internal 'klass' 'J' @16  34360542752 (c4620 8)
 - abstract internal 'array_klass' 'J' @24  0 (0 0)
 - abstract internal 'oop_size' 'I' @32  14 (e)
 - abstract internal 'static_oop_field_count' 'I' @36  0
 - private volatile transient 'cachedConstructor' 'Ljava/lang/reflect/Constructor;' @40  NULL (0)
 - private transient 'name' 'Ljava/lang/String;' @44  "java.lang.invoke.DirectMethodHandle$Holder"{0x0000000705177fb0} (e0a2eff6)
 - private transient 'module' 'Ljava/lang/Module;' @48  a 'java/lang/Module'{0x00000007051a12a8} (e0a34255)
 - private final 'classLoader' 'Ljava/lang/ClassLoader;' @52  NULL (0)
 - private transient 'classData' 'Ljava/lang/Object;' @56  NULL (0)
 - private transient 'packageName' 'Ljava/lang/String;' @60  NULL (0)
 - private final 'componentType' 'Ljava/lang/Class;' @64  NULL (0)
 - private volatile transient 'reflectionData' 'Ljava/lang/ref/SoftReference;' @68  NULL (0)
 - private volatile transient 'genericInfo' 'Lsun/reflect/generics/repository/ClassRepository;' @72  NULL (0)
 - private volatile transient 'enumConstants' '[Ljava/lang/Object;' @76  NULL (0)
 - private volatile transient 'enumConstantDirectory' 'Ljava/util/Map;' @80  NULL (0)
 - private volatile transient 'annotationData' 'Ljava/lang/Class$AnnotationData;' @84  NULL (0)
 - private volatile transient 'annotationType' 'Lsun/reflect/annotation/AnnotationType;' @88  NULL (0)
 - transient 'classValueMap' 'Ljava/lang/ClassValue$ClassValueMap;' @92  NULL (0)
 - abstract internal 'protection_domain' 'Ljava/lang/Object;' @96  NULL (0)
 - abstract internal 'signers_name' 'Ljava/lang/Object;' @100  NULL (0)
 - abstract internal 'source_file' 'Ljava/lang/Object;' @104  "DirectMethodHandle$Holder"{0x0000000706e2db18} (e0dc5b63)
 - signature: Ljava/lang/invoke/DirectMethodHandle$Holder;
 - ---- static fields (0):
stack at sp + 7 slots: {method} {0x00000008000c72e0} 'invokeVirtual' '(Ljava/lang/Object;Ljava/lang/Object;)Ljava/lang/Object;' in 'java/lang/invoke/DirectMethodHandle$Holder'

MethodHandle::interpreter_entry::_linkToVirtual [0x00000194112d04e3, 0x00000194112d054a] (103 bytes)
[MachCode]
  0x00000194112d04e3: 6666 660f | 1f84 0000 | 0000 0066 | 6666 9066 | 660f 1f84 | 0000 0000 | 0066 6666 | 9048 8b53 
  0x00000194112d0503: 080f b752 | 2c48 8b0c | d458 5b50 | 448b 5108 | 49bb 0000 | 0000 0800 | 0000 4d03 | d34c 8b5b 
  0x00000194112d0523: 104b 8b9c | dab8 0100 | 0048 85db | 0f84 1000 | 0000 4180 | bf80 0400 | 0000 7403 | ff63 38ff 
  0x00000194112d0543: 6350 e9b6 | 
[/MachCode]

---------------  P R O C E S S  ---------------

Threads class SMR info:
_java_thread_list=0x00000194384535e0, length=40, elements={
0x000001942d018e30, 0x000001942d0196e0, 0x000001942d0340e0, 0x000001942d034990,
0x000001942d035240, 0x000001942d035af0, 0x000001942d0386e0, 0x000001942d040fe0,
0x000001942d0428e0, 0x000001942d003aa0, 0x00000194315597c0, 0x000001943155a270,
0x0000019431617740, 0x0000019431fda1f0, 0x0000019432c395f0, 0x0000019432ba1a40,
0x0000019437c3a780, 0x0000019432ba28b0, 0x0000019437c3b120, 0x0000019437c3ce00,
0x0000019437c35f50, 0x0000019437c385d0, 0x0000019432b9b060, 0x0000019432b9f890,
0x0000019432b9dbb0, 0x0000019432b9b530, 0x0000019432b9fd60, 0x0000019432b9bed0,
0x0000019432b9c3a0, 0x0000019432b9c870, 0x0000019432b9e080, 0x0000019432ba0700,
0x0000019432ba0230, 0x0000019432ba0bd0, 0x0000019432ba10a0, 0x0000019432c37de0,
0x0000019432c38780, 0x0000019432c38c50, 0x0000019432c39120, 0x0000019432c36f70
}

Java Threads: ( => current thread )
  0x000001942d018e30 JavaThread "Reference Handler" daemon [_thread_blocked, id=9820, stack(0x0000002547200000,0x0000002547300000)]
  0x000001942d0196e0 JavaThread "Finalizer" daemon [_thread_blocked, id=30320, stack(0x0000002547300000,0x0000002547400000)]
  0x000001942d0340e0 JavaThread "Signal Dispatcher" daemon [_thread_blocked, id=24840, stack(0x0000002547400000,0x0000002547500000)]
  0x000001942d034990 JavaThread "Attach Listener" daemon [_thread_blocked, id=6524, stack(0x0000002547500000,0x0000002547600000)]
  0x000001942d035240 JavaThread "Service Thread" daemon [_thread_blocked, id=29024, stack(0x0000002547600000,0x0000002547700000)]
  0x000001942d035af0 JavaThread "Monitor Deflation Thread" daemon [_thread_blocked, id=16380, stack(0x0000002547700000,0x0000002547800000)]
  0x000001942d0386e0 JavaThread "C2 CompilerThread0" daemon [_thread_blocked, id=29048, stack(0x0000002547800000,0x0000002547900000)]
  0x000001942d040fe0 JavaThread "C1 CompilerThread0" daemon [_thread_blocked, id=30300, stack(0x0000002547900000,0x0000002547a00000)]
  0x000001942d0428e0 JavaThread "Sweeper thread" daemon [_thread_blocked, id=3768, stack(0x0000002547a00000,0x0000002547b00000)]
  0x000001942d003aa0 JavaThread "Common-Cleaner" daemon [_thread_blocked, id=11736, stack(0x0000002547b00000,0x0000002547c00000)]
  0x00000194315597c0 JavaThread "JDWP Transport Listener: dt_socket" daemon [_thread_blocked, id=15384, stack(0x0000002547c00000,0x0000002547d00000)]
  0x000001943155a270 JavaThread "JDWP Event Helper Thread" daemon [_thread_blocked, id=2476, stack(0x0000002547d00000,0x0000002547e00000)]
  0x0000019431617740 JavaThread "JDWP Command Reader" daemon [_thread_in_native, id=1360, stack(0x0000002547e00000,0x0000002547f00000)]
  0x0000019431fda1f0 JavaThread "Notification Thread" daemon [_thread_blocked, id=20028, stack(0x0000002548000000,0x0000002548100000)]
  0x0000019432c395f0 JavaThread "mysql-cj-abandoned-connection-cleanup" daemon [_thread_blocked, id=348, stack(0x0000002549300000,0x0000002549400000)]
  0x0000019432ba1a40 JavaThread "Live Reload Server" daemon [_thread_in_native, id=22904, stack(0x0000002549900000,0x0000002549a00000)]
  0x0000019437c3a780 JavaThread "DestroyJavaVM" [_thread_blocked, id=1708, stack(0x0000002546b00000,0x0000002546c00000)]
=>0x0000019432ba28b0 JavaThread "http-nio-5000-exec-1" daemon [_thread_in_Java, id=896, stack(0x0000002549e00000,0x0000002549f00000)]
  0x0000019437c3b120 JavaThread "Catalina-utility-1" [_thread_blocked, id=30176, stack(0x0000002548c00000,0x0000002548d00000)]
  0x0000019437c3ce00 JavaThread "Catalina-utility-2" [_thread_blocked, id=25952, stack(0x0000002548d00000,0x0000002548e00000)]
  0x0000019437c35f50 JavaThread "container-0" [_thread_blocked, id=29416, stack(0x0000002549000000,0x0000002549100000)]
  0x0000019437c385d0 JavaThread "HikariPool-4 housekeeper" daemon [_thread_blocked, id=4380, stack(0x0000002549100000,0x0000002549200000)]
  0x0000019432b9b060 JavaThread "File Watcher" daemon [_thread_blocked, id=26044, stack(0x0000002549400000,0x0000002549500000)]
  0x0000019432b9f890 JavaThread "spring.cloud.inetutils" daemon [_thread_blocked, id=11180, stack(0x0000002549500000,0x0000002549600000)]
  0x0000019432b9dbb0 JavaThread "AsyncResolver-bootstrap-0" daemon [_thread_blocked, id=1164, stack(0x0000002549600000,0x0000002549700000)]
  0x0000019432b9b530 JavaThread "DiscoveryClient-0" daemon [_thread_blocked, id=14292, stack(0x0000002549700000,0x0000002549800000)]
  0x0000019432b9fd60 JavaThread "DiscoveryClient-1" daemon [_thread_blocked, id=30216, stack(0x0000002549800000,0x0000002549900000)]
  0x0000019432b9bed0 JavaThread "DiscoveryClient-InstanceInfoReplicator-0" daemon [_thread_blocked, id=16840, stack(0x0000002549a00000,0x0000002549b00000)]
  0x0000019432b9c3a0 JavaThread "http-nio-5000-exec-1" daemon [_thread_in_Java, id=16392, stack(0x0000002549b00000,0x0000002549c00000)]
  0x0000019432b9c870 JavaThread "http-nio-5000-exec-2" daemon [_thread_blocked, id=29668, stack(0x0000002549c00000,0x0000002549d00000)]
  0x0000019432b9e080 JavaThread "http-nio-5000-exec-3" daemon [_thread_blocked, id=22712, stack(0x0000002549d00000,0x0000002549e00000)]
  0x0000019432ba0700 JavaThread "http-nio-5000-exec-4" daemon [_thread_blocked, id=23152, stack(0x0000002549f00000,0x000000254a000000)]
  0x0000019432ba0230 JavaThread "http-nio-5000-exec-5" daemon [_thread_blocked, id=28864, stack(0x000000254a000000,0x000000254a100000)]
  0x0000019432ba0bd0 JavaThread "http-nio-5000-exec-6" daemon [_thread_blocked, id=23156, stack(0x000000254a100000,0x000000254a200000)]
  0x0000019432ba10a0 JavaThread "http-nio-5000-exec-7" daemon [_thread_blocked, id=29636, stack(0x000000254a200000,0x000000254a300000)]
  0x0000019432c37de0 JavaThread "http-nio-5000-exec-8" daemon [_thread_blocked, id=11876, stack(0x000000254a300000,0x000000254a400000)]
  0x0000019432c38780 JavaThread "http-nio-5000-exec-9" daemon [_thread_blocked, id=6236, stack(0x000000254a400000,0x000000254a500000)]
  0x0000019432c38c50 JavaThread "http-nio-5000-exec-10" daemon [_thread_blocked, id=10864, stack(0x000000254a500000,0x000000254a600000)]
  0x0000019432c39120 JavaThread "http-nio-5000-Poller" daemon [_thread_in_native, id=30244, stack(0x000000254a600000,0x000000254a700000)]
  0x0000019432c36f70 JavaThread "http-nio-5000-Acceptor" daemon [_thread_in_native, id=28692, stack(0x000000254a700000,0x000000254a800000)]

Other Threads:
  0x000001942d0166c0 VMThread "VM Thread" [stack: 0x0000002547100000,0x0000002547200000] [id=25552]
  0x0000019431fda6b0 WatcherThread "VM Periodic Task Thread" [stack: 0x0000002548100000,0x0000002548200000] [id=4140]
  0x0000019408210090 WorkerThread "GC Thread#0" [stack: 0x0000002546c00000,0x0000002546d00000] [id=29516]
  0x00000194320b11a0 WorkerThread "GC Thread#1" [stack: 0x0000002548200000,0x0000002548300000] [id=10544]
  0x0000019431fc8930 WorkerThread "GC Thread#2" [stack: 0x0000002548300000,0x0000002548400000] [id=11720]
  0x0000019431fc8bd0 WorkerThread "GC Thread#3" [stack: 0x0000002548400000,0x0000002548500000] [id=28900]
  0x0000019431fc8e70 WorkerThread "GC Thread#4" [stack: 0x0000002548500000,0x0000002548600000] [id=13000]
  0x0000019431fc9110 WorkerThread "GC Thread#5" [stack: 0x0000002548600000,0x0000002548700000] [id=23316]
  0x00000194322e5d10 WorkerThread "GC Thread#6" [stack: 0x0000002548700000,0x0000002548800000] [id=22836]
  0x00000194321910e0 WorkerThread "GC Thread#7" [stack: 0x0000002548800000,0x0000002548900000] [id=13636]
  0x00000194322c7c90 WorkerThread "GC Thread#8" [stack: 0x0000002548900000,0x0000002548a00000] [id=21288]
  0x00000194324eb800 WorkerThread "GC Thread#9" [stack: 0x0000002548a00000,0x0000002548b00000] [id=25776]
  0x0000019408220c30 ConcurrentGCThread "G1 Main Marker" [stack: 0x0000002546d00000,0x0000002546e00000] [id=8640]
  0x0000019408221dc0 WorkerThread "G1 Conc#0" [stack: 0x0000002546e00000,0x0000002546f00000] [id=27152]
  0x0000019434c50ae0 WorkerThread "G1 Conc#1" [stack: 0x0000002548e00000,0x0000002548f00000] [id=29320]
  0x0000019434c512c0 WorkerThread "G1 Conc#2" [stack: 0x0000002548f00000,0x0000002549000000] [id=17676]
  0x000001942ced0500 ConcurrentGCThread "G1 Refine#0" [stack: 0x0000002546f00000,0x0000002547000000] [id=1912]
  0x000001942ced1bd0 ConcurrentGCThread "G1 Service" [stack: 0x0000002547000000,0x0000002547100000] [id=30420]

Threads with active compile tasks:

VM state: not at safepoint (normal execution)

VM Mutex/Monitor currently owned by a thread: None

Heap address: 0x0000000704e00000, size: 4018 MB, Compressed Oops mode: Zero based, Oop shift amount: 3

CDS archive(s) mapped at: [0x0000000800000000-0x0000000800ba0000-0x0000000800ba0000), size 12189696, SharedBaseAddress: 0x0000000800000000, ArchiveRelocationMode: 0.
Compressed class space mapped at: 0x0000000800c00000-0x0000000840c00000, reserved size: 1073741824
Narrow klass base: 0x0000000800000000, Narrow klass shift: 0, Narrow klass range: 0x100000000

GC Precious Log:
 CardTable entry size: 512
 Card Set container configuration: InlinePtr #cards 4 size 8 Array Of Cards #cards 16 size 48 Howl #buckets 8 coarsen threshold 3686 Howl Bitmap #cards 512 size 80 coarsen threshold 460 Card regions per heap region 1 cards per card region 4096
 CPUs: 12 total, 12 available
 Memory: 16068M
 Large Page Support: Disabled
 NUMA Support: Disabled
 Compressed Oops: Enabled (Zero based)
 Heap Region Size: 2M
 Heap Min Capacity: 8M
 Heap Initial Capacity: 252M
 Heap Max Capacity: 4018M
 Pre-touch: Disabled
 Parallel Workers: 10
 Concurrent Workers: 3
 Concurrent Refinement Workers: 10
 Periodic GC: Disabled

Heap:
 garbage-first heap   total 96256K, used 72549K [0x0000000704e00000, 0x0000000800000000)
  region size 2048K, 19 young (38912K), 3 survivors (6144K)
 Metaspace       used 74146K, committed 74752K, reserved 1114112K
  class space    used 9136K, committed 9472K, reserved 1048576K

Heap Regions: E=young(eden), S=young(survivor), O=old, HS=humongous(starts), HC=humongous(continues), CS=collection set, F=free, OA=open archive, CA=closed archive, TAMS=top-at-mark-start (previous, next)
|   0|0x0000000704e00000, 0x0000000705000000, 0x0000000705000000|100%| O|  |TAMS 0x0000000705000000, 0x0000000704e00000| Untracked 
|   1|0x0000000705000000, 0x0000000705200000, 0x0000000705200000|100%| O|  |TAMS 0x0000000705200000, 0x0000000705000000| Untracked 
|   2|0x0000000705200000, 0x0000000705400000, 0x0000000705400000|100%| O|  |TAMS 0x0000000705400000, 0x0000000705200000| Untracked 
|   3|0x0000000705400000, 0x00000007055fffe8, 0x0000000705600000| 99%| O|  |TAMS 0x00000007055fffe8, 0x0000000705400000| Untracked 
|   4|0x0000000705600000, 0x0000000705800000, 0x0000000705800000|100%| O|  |TAMS 0x0000000705800000, 0x0000000705600000| Untracked 
|   5|0x0000000705800000, 0x00000007059fff00, 0x0000000705a00000| 99%| O|  |TAMS 0x00000007059fff00, 0x0000000705800000| Untracked 
|   6|0x0000000705a00000, 0x0000000705c00000, 0x0000000705c00000|100%| O|  |TAMS 0x0000000705c00000, 0x0000000705a00000| Untracked 
|   7|0x0000000705c00000, 0x0000000705e00000, 0x0000000705e00000|100%| O|  |TAMS 0x0000000705e00000, 0x0000000705c00000| Untracked 
|   8|0x0000000705e00000, 0x0000000706000000, 0x0000000706000000|100%| O|  |TAMS 0x0000000706000000, 0x0000000705e00000| Untracked 
|   9|0x0000000706000000, 0x00000007061fff98, 0x0000000706200000| 99%| O|  |TAMS 0x00000007061fff98, 0x0000000706000000| Untracked 
|  10|0x0000000706200000, 0x00000007063fffe8, 0x0000000706400000| 99%| O|  |TAMS 0x0000000706200000, 0x0000000706200000| Untracked 
|  11|0x0000000706400000, 0x00000007065fffe8, 0x0000000706600000| 99%| O|  |TAMS 0x00000007065fffe8, 0x0000000706400000| Untracked 
|  12|0x0000000706600000, 0x0000000706800000, 0x0000000706800000|100%| O|  |TAMS 0x0000000706800000, 0x0000000706600000| Untracked 
|  13|0x0000000706800000, 0x00000007069fa090, 0x0000000706a00000| 98%| O|  |TAMS 0x00000007069fa090, 0x0000000706800000| Untracked 
|  14|0x0000000706a00000, 0x0000000706bfff90, 0x0000000706c00000| 99%| O|  |TAMS 0x0000000706bfff90, 0x0000000706a00000| Untracked 
|  15|0x0000000706c00000, 0x0000000706dfff80, 0x0000000706e00000| 99%| O|  |TAMS 0x0000000706c00000, 0x0000000706c00000| Untracked 
|  16|0x0000000706e00000, 0x0000000706fe00b8, 0x0000000707000000| 93%| O|  |TAMS 0x0000000706e00000, 0x0000000706e00000| Untracked 
|  17|0x0000000707000000, 0x0000000707000000, 0x0000000707200000|  0%| F|  |TAMS 0x0000000707000000, 0x0000000707000000| Untracked 
|  18|0x0000000707200000, 0x00000007073bdc08, 0x0000000707400000| 87%| O|  |TAMS 0x0000000707200000, 0x0000000707200000| Untracked 
|  19|0x0000000707400000, 0x000000070740adb0, 0x0000000707600000|  2%| O|  |TAMS 0x0000000707400000, 0x0000000707400000| Untracked 
|  20|0x0000000707600000, 0x0000000707600000, 0x0000000707800000|  0%| F|  |TAMS 0x0000000707600000, 0x0000000707600000| Untracked 
|  21|0x0000000707800000, 0x0000000707800000, 0x0000000707a00000|  0%| F|  |TAMS 0x0000000707800000, 0x0000000707800000| Untracked 
|  22|0x0000000707a00000, 0x0000000707a00000, 0x0000000707c00000|  0%| F|  |TAMS 0x0000000707a00000, 0x0000000707a00000| Untracked 
|  23|0x0000000707c00000, 0x0000000707c00000, 0x0000000707e00000|  0%| F|  |TAMS 0x0000000707c00000, 0x0000000707c00000| Untracked 
|  24|0x0000000707e00000, 0x0000000707e4d670, 0x0000000708000000| 15%| S|CS|TAMS 0x0000000707e00000, 0x0000000707e00000| Complete 
|  25|0x0000000708000000, 0x0000000708000000, 0x0000000708200000|  0%| F|  |TAMS 0x0000000708000000, 0x0000000708000000| Untracked 
|  26|0x0000000708200000, 0x0000000708200000, 0x0000000708400000|  0%| F|  |TAMS 0x0000000708200000, 0x0000000708200000| Untracked 
|  27|0x0000000708400000, 0x00000007084e96e0, 0x0000000708600000| 45%| O|  |TAMS 0x0000000708400000, 0x0000000708400000| Untracked 
|  28|0x0000000708600000, 0x0000000708800000, 0x0000000708800000|100%| S|CS|TAMS 0x0000000708600000, 0x0000000708600000| Complete 
|  29|0x0000000708800000, 0x0000000708a00000, 0x0000000708a00000|100%| S|CS|TAMS 0x0000000708800000, 0x0000000708800000| Complete 
|  30|0x0000000708a00000, 0x0000000708a00000, 0x0000000708c00000|  0%| F|  |TAMS 0x0000000708a00000, 0x0000000708a00000| Untracked 
|  31|0x0000000708c00000, 0x0000000708db87c8, 0x0000000708e00000| 86%| E|  |TAMS 0x0000000708c00000, 0x0000000708c00000| Complete 
|  32|0x0000000708e00000, 0x0000000709000000, 0x0000000709000000|100%| E|CS|TAMS 0x0000000708e00000, 0x0000000708e00000| Complete 
|  33|0x0000000709000000, 0x0000000709200000, 0x0000000709200000|100%| E|CS|TAMS 0x0000000709000000, 0x0000000709000000| Complete 
|  34|0x0000000709200000, 0x0000000709400000, 0x0000000709400000|100%| E|CS|TAMS 0x0000000709200000, 0x0000000709200000| Complete 
|  35|0x0000000709400000, 0x0000000709600000, 0x0000000709600000|100%| E|CS|TAMS 0x0000000709400000, 0x0000000709400000| Complete 
|  36|0x0000000709600000, 0x0000000709800000, 0x0000000709800000|100%| E|CS|TAMS 0x0000000709600000, 0x0000000709600000| Complete 
|  37|0x0000000709800000, 0x0000000709a00000, 0x0000000709a00000|100%| E|CS|TAMS 0x0000000709800000, 0x0000000709800000| Complete 
|  38|0x0000000709a00000, 0x0000000709c00000, 0x0000000709c00000|100%| E|CS|TAMS 0x0000000709a00000, 0x0000000709a00000| Complete 
|  39|0x0000000709c00000, 0x0000000709e00000, 0x0000000709e00000|100%| E|CS|TAMS 0x0000000709c00000, 0x0000000709c00000| Complete 
|  40|0x0000000709e00000, 0x000000070a000000, 0x000000070a000000|100%| E|CS|TAMS 0x0000000709e00000, 0x0000000709e00000| Complete 
|  41|0x000000070a000000, 0x000000070a200000, 0x000000070a200000|100%| E|CS|TAMS 0x000000070a000000, 0x000000070a000000| Complete 
|  42|0x000000070a200000, 0x000000070a400000, 0x000000070a400000|100%| E|CS|TAMS 0x000000070a200000, 0x000000070a200000| Complete 
|  43|0x000000070a400000, 0x000000070a600000, 0x000000070a600000|100%| E|CS|TAMS 0x000000070a400000, 0x000000070a400000| Complete 
|  53|0x000000070b800000, 0x000000070ba00000, 0x000000070ba00000|100%| E|CS|TAMS 0x000000070b800000, 0x000000070b800000| Complete 
|  54|0x000000070ba00000, 0x000000070bc00000, 0x000000070bc00000|100%| E|CS|TAMS 0x000000070ba00000, 0x000000070ba00000| Complete 
| 125|0x0000000714800000, 0x0000000714a00000, 0x0000000714a00000|100%| E|CS|TAMS 0x0000000714800000, 0x0000000714800000| Complete 

Card table byte_map: [0x0000019421710000,0x0000019421ef0000] _byte_map_base: 0x000001941dee9000

Marking Bits (Prev, Next): (CMBitMap*) 0x0000019408210690, (CMBitMap*) 0x00000194082106d0
 Prev Bits: [0x00000194226d0000, 0x0000019426598000)
 Next Bits: [0x00000194265a0000, 0x000001942a468000)

Polling page: 0x0000019411270000

Metaspace:

Usage:
  Non-class:     63.49 MB used.
      Class:      8.92 MB used.
       Both:     72.41 MB used.

Virtual space:
  Non-class space:       64.00 MB reserved,      63.75 MB (>99%) committed,  1 nodes.
      Class space:        1.00 GB reserved,       9.25 MB ( <1%) committed,  1 nodes.
             Both:        1.06 GB reserved,      73.00 MB (  7%) committed. 

Chunk freelists:
   Non-Class:  192.00 KB
       Class:  2.75 MB
        Both:  2.94 MB

MaxMetaspaceSize: unlimited
CompressedClassSpaceSize: 1.00 GB
Initial GC threshold: 21.00 MB
Current GC threshold: 120.44 MB
CDS: on
MetaspaceReclaimPolicy: balanced
 - commit_granule_bytes: 65536.
 - commit_granule_words: 8192.
 - virtual_space_node_default_size: 8388608.
 - enlarge_chunks_in_place: 1.
 - new_chunks_are_fully_committed: 0.
 - uncommit_free_chunks: 1.
 - use_allocation_guard: 0.


Internal statistics:

num_allocs_failed_limit: 9.
num_arena_births: 680.
num_arena_deaths: 0.
num_vsnodes_births: 2.
num_vsnodes_deaths: 0.
num_space_committed: 1168.
num_space_uncommitted: 0.
num_chunks_returned_to_freelist: 9.
num_chunks_taken_from_freelist: 3213.
num_chunk_merges: 6.
num_chunk_splits: 2277.
num_chunks_enlarged: 1858.
num_inconsistent_stats: 0.

CodeHeap 'non-profiled nmethods': size=120000Kb used=8449Kb max_used=8449Kb free=111550Kb
 bounds [0x0000019418d60000, 0x00000194195b0000, 0x0000019420290000]
CodeHeap 'profiled nmethods': size=120000Kb used=20786Kb max_used=20786Kb free=99213Kb
 bounds [0x0000019411830000, 0x0000019412c80000, 0x0000019418d60000]
CodeHeap 'non-nmethods': size=5760Kb used=1437Kb max_used=1510Kb free=4322Kb
 bounds [0x0000019411290000, 0x0000019411500000, 0x0000019411830000]
 total_blobs=10280 nmethods=9593 adapters=598
 compilation: enabled
              stopped_count=0, restarted_count=0
 full_count=0

Compilation events (20 events):
Event: 757.594 Thread 0x000001942d040fe0 nmethod 11602 0x0000019411873410 code [0x00000194118735a0, 0x0000019411873698]
Event: 757.594 Thread 0x000001942d040fe0 11603       3       java.util.Collections$SingletonSet::contains (9 bytes)
Event: 757.594 Thread 0x000001942d040fe0 nmethod 11603 0x0000019412c79910 code [0x0000019412c79ac0, 0x0000019412c79dc8]
Event: 757.595 Thread 0x000001942d040fe0 11604       3       org.springframework.context.event.GenericApplicationListenerAdapter::supportsSourceType (32 bytes)
Event: 757.595 Thread 0x000001942d040fe0 nmethod 11604 0x0000019412c79f10 code [0x0000019412c7a0c0, 0x0000019412c7a568]
Event: 757.614 Thread 0x000001942d0386e0 nmethod 11543 0x000001941958f310 code [0x000001941958ffc0, 0x000001941959a5a0]
Event: 760.331 Thread 0x000001943d8d0ad0 11605   !   4       org.apache.tomcat.util.http.parser.HttpParser::isToken (9 bytes)
Event: 760.331 Thread 0x000001942d040fe0 11606       3       org.apache.tomcat.util.buf.ByteChunk::<init> (15 bytes)
Event: 760.331 Thread 0x000001943d8d0ad0 nmethod 11605 0x00000194195a0190 code [0x00000194195a0300, 0x00000194195a0378]
Event: 760.331 Thread 0x000001942d040fe0 nmethod 11606 0x0000019412c7a690 code [0x0000019412c7a840, 0x0000019412c7aa78]
Event: 760.331 Thread 0x000001942d040fe0 11607       3       org.apache.tomcat.util.buf.MessageBytes::toString (79 bytes)
Event: 760.332 Thread 0x000001942d040fe0 nmethod 11607 0x0000019412c7ab90 code [0x0000019412c7ad80, 0x0000019412c7b5b8]
Event: 760.333 Thread 0x000001942d040fe0 11608       3       org.apache.catalina.core.StandardContext::getApplicationEventListeners (10 bytes)
Event: 760.333 Thread 0x000001942d040fe0 nmethod 11608 0x0000019412c7b790 code [0x0000019412c7b940, 0x0000019412c7bb28]
Event: 760.333 Thread 0x000001942d040fe0 11610       3       org.apache.catalina.connector.Request::getAttribute (320 bytes)
Event: 760.334 Thread 0x000001942d040fe0 nmethod 11610 0x0000019412c7bc10 code [0x0000019412c7c000, 0x0000019412c7dde8]
Event: 760.334 Thread 0x000001942d040fe0 11609       3       java.util.concurrent.CopyOnWriteArrayList::toArray (11 bytes)
Event: 760.335 Thread 0x000001942d040fe0 nmethod 11609 0x0000019412c7e810 code [0x0000019412c7e9c0, 0x0000019412c7eca8]
Event: 777.038 Thread 0x000001942d040fe0 11611       1       org.apache.catalina.core.StandardContext::getInstanceManager (5 bytes)
Event: 777.038 Thread 0x000001942d040fe0 nmethod 11611 0x00000194195a0490 code [0x00000194195a0620, 0x00000194195a06f8]

GC Heap History (20 events):
Event: 312.915 GC heap before
{Heap before GC invocations=22 (full 1):
 garbage-first heap   total 96256K, used 74706K [0x0000000704e00000, 0x0000000800000000)
  region size 2048K, 22 young (45056K), 0 survivors (0K)
 Metaspace       used 71195K, committed 71744K, reserved 1114112K
  class space    used 9044K, committed 9344K, reserved 1048576K
}
Event: 312.918 GC heap after
{Heap after GC invocations=23 (full 1):
 garbage-first heap   total 96256K, used 34651K [0x0000000704e00000, 0x0000000800000000)
  region size 2048K, 2 young (4096K), 2 survivors (4096K)
 Metaspace       used 71195K, committed 71744K, reserved 1114112K
  class space    used 9044K, committed 9344K, reserved 1048576K
}
Event: 313.320 GC heap before
{Heap before GC invocations=23 (full 1):
 garbage-first heap   total 96256K, used 73563K [0x0000000704e00000, 0x0000000800000000)
  region size 2048K, 21 young (43008K), 2 survivors (4096K)
 Metaspace       used 71704K, committed 72256K, reserved 1114112K
  class space    used 9059K, committed 9344K, reserved 1048576K
}
Event: 313.324 GC heap after
{Heap after GC invocations=24 (full 1):
 garbage-first heap   total 96256K, used 36591K [0x0000000704e00000, 0x0000000800000000)
  region size 2048K, 3 young (6144K), 3 survivors (6144K)
 Metaspace       used 71704K, committed 72256K, reserved 1114112K
  class space    used 9059K, committed 9344K, reserved 1048576K
}
Event: 389.343 GC heap before
{Heap before GC invocations=24 (full 1):
 garbage-first heap   total 96256K, used 71407K [0x0000000704e00000, 0x0000000800000000)
  region size 2048K, 21 young (43008K), 3 survivors (6144K)
 Metaspace       used 72205K, committed 72768K, reserved 1114112K
  class space    used 9079K, committed 9344K, reserved 1048576K
}
Event: 389.375 GC heap after
{Heap after GC invocations=25 (full 2):
 garbage-first heap   total 96256K, used 34788K [0x0000000704e00000, 0x0000000800000000)
  region size 2048K, 0 young (0K), 0 survivors (0K)
 Metaspace       used 72205K, committed 72768K, reserved 1114112K
  class space    used 9079K, committed 9344K, reserved 1048576K
}
Event: 389.789 GC heap before
{Heap before GC invocations=25 (full 2):
 garbage-first heap   total 96256K, used 73700K [0x0000000704e00000, 0x0000000800000000)
  region size 2048K, 19 young (38912K), 0 survivors (0K)
 Metaspace       used 72400K, committed 73024K, reserved 1114112K
  class space    used 9085K, committed 9408K, reserved 1048576K
}
Event: 389.791 GC heap after
{Heap after GC invocations=26 (full 2):
 garbage-first heap   total 96256K, used 38064K [0x0000000704e00000, 0x0000000800000000)
  region size 2048K, 2 young (4096K), 2 survivors (4096K)
 Metaspace       used 72400K, committed 73024K, reserved 1114112K
  class space    used 9085K, committed 9408K, reserved 1048576K
}
Event: 390.029 GC heap before
{Heap before GC invocations=26 (full 2):
 garbage-first heap   total 96256K, used 72880K [0x0000000704e00000, 0x0000000800000000)
  region size 2048K, 19 young (38912K), 2 survivors (4096K)
 Metaspace       used 72731K, committed 73344K, reserved 1114112K
  class space    used 9097K, committed 9408K, reserved 1048576K
}
Event: 390.031 GC heap after
{Heap after GC invocations=27 (full 2):
 garbage-first heap   total 96256K, used 39008K [0x0000000704e00000, 0x0000000800000000)
  region size 2048K, 3 young (6144K), 3 survivors (6144K)
 Metaspace       used 72731K, committed 73344K, reserved 1114112K
  class space    used 9097K, committed 9408K, reserved 1048576K
}
Event: 409.458 GC heap before
{Heap before GC invocations=27 (full 2):
 garbage-first heap   total 96256K, used 73824K [0x0000000704e00000, 0x0000000800000000)
  region size 2048K, 20 young (40960K), 3 survivors (6144K)
 Metaspace       used 73078K, committed 73664K, reserved 1114112K
  class space    used 9108K, committed 9408K, reserved 1048576K
}
Event: 409.461 GC heap after
{Heap after GC invocations=28 (full 2):
 garbage-first heap   total 96256K, used 40388K [0x0000000704e00000, 0x0000000800000000)
  region size 2048K, 2 young (4096K), 2 survivors (4096K)
 Metaspace       used 73078K, committed 73664K, reserved 1114112K
  class space    used 9108K, committed 9408K, reserved 1048576K
}
Event: 690.503 GC heap before
{Heap before GC invocations=28 (full 2):
 garbage-first heap   total 96256K, used 73156K [0x0000000704e00000, 0x0000000800000000)
  region size 2048K, 18 young (36864K), 2 survivors (4096K)
 Metaspace       used 73321K, committed 73920K, reserved 1114112K
  class space    used 9109K, committed 9408K, reserved 1048576K
}
Event: 690.505 GC heap after
{Heap after GC invocations=29 (full 2):
 garbage-first heap   total 96256K, used 40694K [0x0000000704e00000, 0x0000000800000000)
  region size 2048K, 2 young (4096K), 2 survivors (4096K)
 Metaspace       used 73321K, committed 73920K, reserved 1114112K
  class space    used 9109K, committed 9408K, reserved 1048576K
}
Event: 756.597 GC heap before
{Heap before GC invocations=29 (full 2):
 garbage-first heap   total 96256K, used 52982K [0x0000000704e00000, 0x0000000800000000)
  region size 2048K, 9 young (18432K), 2 survivors (4096K)
 Metaspace       used 73414K, committed 73984K, reserved 1114112K
  class space    used 9111K, committed 9408K, reserved 1048576K
}
Event: 756.631 GC heap after
{Heap after GC invocations=30 (full 3):
 garbage-first heap   total 96256K, used 37423K [0x0000000704e00000, 0x0000000800000000)
  region size 2048K, 0 young (0K), 0 survivors (0K)
 Metaspace       used 73414K, committed 73984K, reserved 1114112K
  class space    used 9111K, committed 9408K, reserved 1048576K
}
Event: 756.990 GC heap before
{Heap before GC invocations=30 (full 3):
 garbage-first heap   total 96256K, used 76335K [0x0000000704e00000, 0x0000000800000000)
  region size 2048K, 19 young (38912K), 0 survivors (0K)
 Metaspace       used 73545K, committed 74176K, reserved 1114112K
  class space    used 9118K, committed 9408K, reserved 1048576K
}
Event: 756.993 GC heap after
{Heap after GC invocations=31 (full 3):
 garbage-first heap   total 96256K, used 40277K [0x0000000704e00000, 0x0000000800000000)
  region size 2048K, 2 young (4096K), 2 survivors (4096K)
 Metaspace       used 73545K, committed 74176K, reserved 1114112K
  class space    used 9118K, committed 9408K, reserved 1048576K
}
Event: 757.208 GC heap before
{Heap before GC invocations=31 (full 3):
 garbage-first heap   total 96256K, used 75093K [0x0000000704e00000, 0x0000000800000000)
  region size 2048K, 19 young (38912K), 2 survivors (4096K)
 Metaspace       used 73897K, committed 74432K, reserved 1114112K
  class space    used 9130K, committed 9408K, reserved 1048576K
}
Event: 757.210 GC heap after
{Heap after GC invocations=32 (full 3):
 garbage-first heap   total 96256K, used 41829K [0x0000000704e00000, 0x0000000800000000)
  region size 2048K, 3 young (6144K), 3 survivors (6144K)
 Metaspace       used 73897K, committed 74432K, reserved 1114112K
  class space    used 9130K, committed 9408K, reserved 1048576K
}

Deoptimization events (20 events):
Event: 757.518 Thread 0x0000019432b9bed0 DEOPT PACKING pc=0x0000019411d6e8c4 sp=0x0000002549afe760
Event: 757.518 Thread 0x0000019432b9bed0 DEOPT UNPACKING pc=0x00000194112e2b43 sp=0x0000002549afdd08 mode 1
Event: 757.518 Thread 0x0000019432b9bed0 DEOPT PACKING pc=0x0000019411d6bb2c sp=0x0000002549afe8c0
Event: 757.518 Thread 0x0000019432b9bed0 DEOPT UNPACKING pc=0x00000194112e2b43 sp=0x0000002549afde60 mode 1
Event: 757.518 Thread 0x0000019432b9bed0 DEOPT PACKING pc=0x0000019411e8fb29 sp=0x0000002549afe6d0
Event: 757.518 Thread 0x0000019432b9bed0 DEOPT UNPACKING pc=0x00000194112e2b43 sp=0x0000002549afdba8 mode 1
Event: 757.518 Thread 0x0000019432b9bed0 DEOPT PACKING pc=0x0000019411d6e8c4 sp=0x0000002549afe760
Event: 757.518 Thread 0x0000019432b9bed0 DEOPT UNPACKING pc=0x00000194112e2b43 sp=0x0000002549afdd08 mode 1
Event: 757.518 Thread 0x0000019432b9bed0 DEOPT PACKING pc=0x0000019411d6bb2c sp=0x0000002549afe8c0
Event: 757.518 Thread 0x0000019432b9bed0 DEOPT UNPACKING pc=0x00000194112e2b43 sp=0x0000002549afde60 mode 1
Event: 757.518 Thread 0x0000019432b9bed0 DEOPT PACKING pc=0x0000019411e8fb29 sp=0x0000002549afe6d0
Event: 757.518 Thread 0x0000019432b9bed0 DEOPT UNPACKING pc=0x00000194112e2b43 sp=0x0000002549afdba8 mode 1
Event: 757.518 Thread 0x0000019432b9bed0 DEOPT PACKING pc=0x0000019411d6e8c4 sp=0x0000002549afe760
Event: 757.518 Thread 0x0000019432b9bed0 DEOPT UNPACKING pc=0x00000194112e2b43 sp=0x0000002549afdd08 mode 1
Event: 757.518 Thread 0x0000019432b9bed0 DEOPT PACKING pc=0x0000019411d6bb2c sp=0x0000002549afe8c0
Event: 757.518 Thread 0x0000019432b9bed0 DEOPT UNPACKING pc=0x00000194112e2b43 sp=0x0000002549afde60 mode 1
Event: 780.589 Thread 0x0000019432ba28b0 DEOPT PACKING pc=0x00000194125e9c9c sp=0x0000002549efd910
Event: 780.589 Thread 0x0000019432ba28b0 DEOPT UNPACKING pc=0x00000194112e2b43 sp=0x0000002549efcdb8 mode 0
Event: 780.590 Thread 0x0000019432b9c3a0 DEOPT PACKING pc=0x00000194125e9c9c sp=0x0000002549bfd500
Event: 780.590 Thread 0x0000019432b9c3a0 DEOPT UNPACKING pc=0x00000194112e2b43 sp=0x0000002549bfc9a8 mode 0

Classes loaded (20 events):
Event: 313.208 Loading class java/lang/ObjectCustomizer
Event: 313.208 Loading class java/lang/ObjectCustomizer done
Event: 313.208 Loading class java/lang/ObjectCustomizer
Event: 313.208 Loading class java/lang/ObjectCustomizer done
Event: 389.983 Loading class java/lang/ObjectCustomizer
Event: 389.983 Loading class java/lang/ObjectCustomizer done
Event: 389.983 Loading class java/lang/ObjectCustomizer
Event: 389.983 Loading class java/lang/ObjectCustomizer done
Event: 390.020 Loading class java/lang/ObjectCustomizer
Event: 390.020 Loading class java/lang/ObjectCustomizer done
Event: 390.020 Loading class java/lang/ObjectCustomizer
Event: 390.020 Loading class java/lang/ObjectCustomizer done
Event: 757.150 Loading class java/lang/ObjectCustomizer
Event: 757.150 Loading class java/lang/ObjectCustomizer done
Event: 757.150 Loading class java/lang/ObjectCustomizer
Event: 757.150 Loading class java/lang/ObjectCustomizer done
Event: 757.173 Loading class java/lang/ObjectCustomizer
Event: 757.173 Loading class java/lang/ObjectCustomizer done
Event: 757.173 Loading class java/lang/ObjectCustomizer
Event: 757.173 Loading class java/lang/ObjectCustomizer done

Classes unloaded (0 events):
No events

Classes redefined (7 events):
Event: 308.206 Thread 0x000001942d0166c0 redefined class name=com.quikloan.server.service.LoanService, count=1
Event: 377.840 Thread 0x000001942d0166c0 redefined class name=com.quikloan.server.service.LoanService, count=1
Event: 377.840 Thread 0x000001942d0166c0 redefined class name=com.quikloan.server.service.LoanService, count=2
Event: 780.612 Thread 0x000001942d0166c0 redefined class name=com.quikloan.server.controller.LoanController, count=1
Event: 780.612 Thread 0x000001942d0166c0 redefined class name=com.quikloan.server.controller.LoanController, count=1
Event: 780.612 Thread 0x000001942d0166c0 redefined class name=com.quikloan.server.controller.LoanController, count=1
Event: 780.612 Thread 0x000001942d0166c0 redefined class name=com.quikloan.server.controller.LoanController, count=1

Internal exceptions (20 events):
Event: 756.950 Thread 0x0000019437c37c30 Exception <a 'java/lang/NoClassDefFoundError'{0x0000000708ef7f90}: org/springframework/batch/core/repository/JobRepository> (0x0000000708ef7f90) 
thrown [s\open\src\hotspot\share\oops\constantPool.cpp, line 836]
Event: 756.950 Thread 0x0000019437c37c30 Exception <a 'java/lang/NoClassDefFoundError'{0x0000000708ef85d8}: org/quartz/Scheduler> (0x0000000708ef85d8) 
thrown [s\open\src\hotspot\share\oops\constantPool.cpp, line 836]
Event: 756.951 Thread 0x0000019437c37c30 Exception <a 'java/lang/NoClassDefFoundError'{0x0000000708ef8c48}: org/springframework/session/jdbc/JdbcIndexedSessionRepository> (0x0000000708ef8c48) 
thrown [s\open\src\hotspot\share\oops\constantPool.cpp, line 836]
Event: 756.995 Thread 0x0000019437c37c30 Exception <a 'sun/nio/fs/WindowsException'{0x00000007148c7e58}> (0x00000007148c7e58) 
thrown [s\open\src\hotspot\share\prims\jni.cpp, line 516]
Event: 756.996 Thread 0x0000019437c37c30 Exception <a 'sun/nio/fs/WindowsException'{0x00000007148c84c0}> (0x00000007148c84c0) 
thrown [s\open\src\hotspot\share\prims\jni.cpp, line 516]
Event: 756.996 Thread 0x0000019437c37c30 Exception <a 'sun/nio/fs/WindowsException'{0x00000007148c8b98}> (0x00000007148c8b98) 
thrown [s\open\src\hotspot\share\prims\jni.cpp, line 516]
Event: 757.008 Thread 0x0000019437c37c30 Exception <a 'java/io/FileNotFoundException'{0x00000007149113f8}> (0x00000007149113f8) 
thrown [s\open\src\hotspot\share\prims\jni.cpp, line 516]
Event: 757.026 Thread 0x0000019437c37c30 Exception <a 'java/io/FileNotFoundException'{0x000000070b8738e0}> (0x000000070b8738e0) 
thrown [s\open\src\hotspot\share\prims\jni.cpp, line 516]
Event: 757.150 Thread 0x0000019437c37c30 Exception <a 'java/lang/ClassNotFoundException'{0x0000000709a4c048}: java/lang/ObjectCustomizer> (0x0000000709a4c048) 
thrown [s\open\src\hotspot\share\classfile\systemDictionary.cpp, line 255]
Event: 757.152 Thread 0x0000019437c37c30 Exception <a 'java/lang/ClassNotFoundException'{0x0000000709a55020}: com/quikloan/server/entity/LoanCustomizer> (0x0000000709a55020) 
thrown [s\open\src\hotspot\share\classfile\systemDictionary.cpp, line 255]
Event: 757.173 Thread 0x0000019437c37c30 Exception <a 'java/lang/ClassNotFoundException'{0x00000007095f1b10}: java/lang/ObjectCustomizer> (0x00000007095f1b10) 
thrown [s\open\src\hotspot\share\classfile\systemDictionary.cpp, line 255]
Event: 757.175 Thread 0x0000019437c37c30 Exception <a 'java/lang/ClassNotFoundException'{0x00000007095f9e58}: com/quikloan/server/entity/UserCustomizer> (0x00000007095f9e58) 
thrown [s\open\src\hotspot\share\classfile\systemDictionary.cpp, line 255]
Event: 757.495 Thread 0x0000019437c37c30 Exception <a 'java/net/ConnectException'{0x0000000709163d88}: Connection refused: connect> (0x0000000709163d88) 
thrown [s\open\src\hotspot\share\prims\jni.cpp, line 535]
Event: 757.495 Thread 0x0000019437c37c30 Exception <a 'java/net/SocketException'{0x0000000709164610}: Socket is not connected: shutdown> (0x0000000709164610) 
thrown [s\open\src\hotspot\share\prims\jni.cpp, line 535]
Event: 757.495 Thread 0x0000019437c37c30 Exception <a 'java/net/ConnectException'{0x00000007091653a8}: Connection refused: connect> (0x00000007091653a8) 
thrown [s\open\src\hotspot\share\prims\jni.cpp, line 535]
Event: 757.495 Thread 0x0000019437c37c30 Exception <a 'java/net/SocketException'{0x0000000709165c30}: Socket is not connected: shutdown> (0x0000000709165c30) 
thrown [s\open\src\hotspot\share\prims\jni.cpp, line 535]
Event: 757.513 Thread 0x0000019432b9bed0 Exception <a 'java/net/ConnectException'{0x0000000708fea3d8}: Connection refused: connect> (0x0000000708fea3d8) 
thrown [s\open\src\hotspot\share\prims\jni.cpp, line 535]
Event: 757.513 Thread 0x0000019432b9bed0 Exception <a 'java/net/SocketException'{0x0000000708fea9b8}: Socket is not connected: shutdown> (0x0000000708fea9b8) 
thrown [s\open\src\hotspot\share\prims\jni.cpp, line 535]
Event: 757.513 Thread 0x0000019432b9bed0 Exception <a 'java/net/ConnectException'{0x0000000708feb4a8}: Connection refused: connect> (0x0000000708feb4a8) 
thrown [s\open\src\hotspot\share\prims\jni.cpp, line 535]
Event: 757.514 Thread 0x0000019432b9bed0 Exception <a 'java/net/SocketException'{0x0000000708feba88}: Socket is not connected: shutdown> (0x0000000708feba88) 
thrown [s\open\src\hotspot\share\prims\jni.cpp, line 535]

VM Operations (20 events):
Event: 780.589 Executing VM operation: ChangeSingleStep
Event: 780.589 Executing VM operation: ChangeSingleStep done
Event: 780.589 Executing VM operation: ChangeSingleStep
Event: 780.589 Executing VM operation: ChangeSingleStep done
Event: 780.590 Executing VM operation: ChangeSingleStep
Event: 780.590 Executing VM operation: ChangeSingleStep done
Event: 780.590 Executing VM operation: ChangeSingleStep
Event: 780.590 Executing VM operation: ChangeSingleStep done
Event: 780.601 Executing VM operation: RedefineClasses
Event: 780.629 Executing VM operation: RedefineClasses done
Event: 780.645 Executing VM operation: ChangeBreakpoints
Event: 780.646 Executing VM operation: ChangeBreakpoints done
Event: 780.650 Executing VM operation: ChangeBreakpoints
Event: 780.652 Executing VM operation: ChangeBreakpoints done
Event: 780.655 Executing VM operation: ChangeBreakpoints
Event: 780.657 Executing VM operation: ChangeBreakpoints done
Event: 780.660 Executing VM operation: ChangeBreakpoints
Event: 780.661 Executing VM operation: ChangeBreakpoints done
Event: 780.664 Executing VM operation: ChangeSingleStep
Event: 780.664 Executing VM operation: ChangeSingleStep done

Events (20 events):
Event: 757.497 Thread 0x0000019432b9b530 Thread added: 0x0000019432b9b530
Event: 757.499 Thread 0x0000019432b9fd60 Thread added: 0x0000019432b9fd60
Event: 757.499 Thread 0x0000019432b9bed0 Thread added: 0x0000019432b9bed0
Event: 757.503 Thread 0x0000019432b9c3a0 Thread added: 0x0000019432b9c3a0
Event: 757.503 Thread 0x0000019432b9c870 Thread added: 0x0000019432b9c870
Event: 757.503 Thread 0x0000019432b9e080 Thread added: 0x0000019432b9e080
Event: 757.503 Thread 0x0000019432ba0700 Thread added: 0x0000019432ba0700
Event: 757.503 Thread 0x0000019432ba0230 Thread added: 0x0000019432ba0230
Event: 757.504 Thread 0x0000019432ba0bd0 Thread added: 0x0000019432ba0bd0
Event: 757.504 Thread 0x0000019432ba10a0 Thread added: 0x0000019432ba10a0
Event: 757.504 Thread 0x0000019432c37de0 Thread added: 0x0000019432c37de0
Event: 757.504 Thread 0x0000019432c38780 Thread added: 0x0000019432c38780
Event: 757.504 Thread 0x0000019432c38c50 Thread added: 0x0000019432c38c50
Event: 757.506 Thread 0x0000019432c39120 Thread added: 0x0000019432c39120
Event: 757.506 Thread 0x0000019432c36f70 Thread added: 0x0000019432c36f70
Event: 757.595 Thread 0x0000019437c37c30 Thread exited: 0x0000019437c37c30
Event: 757.595 Thread 0x0000019437c39de0 Thread exited: 0x0000019437c39de0
Event: 760.331 Thread 0x000001943d8ce250 Thread exited: 0x000001943d8ce250
Event: 762.387 Thread 0x0000019432b9d6e0 Thread exited: 0x0000019432b9d6e0
Event: 765.341 Thread 0x000001943d8d0ad0 Thread exited: 0x000001943d8d0ad0


Dynamic libraries:
0x00007ff633240000 - 0x00007ff633250000 	C:\Program Files\Java\jdk-18.0.2.1\bin\javaw.exe
0x00007ffa49cb0000 - 0x00007ffa49ec4000 	C:\Windows\SYSTEM32\ntdll.dll
0x00007ffa49250000 - 0x00007ffa49312000 	C:\Windows\System32\KERNEL32.DLL
0x00007ffa47720000 - 0x00007ffa47abc000 	C:\Windows\System32\KERNELBASE.dll
0x00007ffa471e0000 - 0x00007ffa472f1000 	C:\Windows\System32\ucrtbase.dll
0x00007ff9f5ea0000 - 0x00007ff9f5eb8000 	C:\Program Files\Java\jdk-18.0.2.1\bin\jli.dll
0x00007ffa49320000 - 0x00007ffa493ce000 	C:\Windows\System32\ADVAPI32.dll
0x00007ffa48fd0000 - 0x00007ffa49077000 	C:\Windows\System32\msvcrt.dll
0x00007ff9fe140000 - 0x00007ff9fe15a000 	C:\Program Files\Java\jdk-18.0.2.1\bin\VCRUNTIME140.dll
0x00007ffa482f0000 - 0x00007ffa48394000 	C:\Windows\System32\sechost.dll
0x00007ffa494e0000 - 0x00007ffa495f7000 	C:\Windows\System32\RPCRT4.dll
0x00007ffa48e20000 - 0x00007ffa48fcb000 	C:\Windows\System32\USER32.dll
0x00007ffa470f0000 - 0x00007ffa47116000 	C:\Windows\System32\win32u.dll
0x00007ffa49770000 - 0x00007ffa49799000 	C:\Windows\System32\GDI32.dll
0x00007ffa1f100000 - 0x00007ffa1f38e000 	C:\Windows\WinSxS\amd64_microsoft.windows.common-controls_6595b64144ccf1df_6.0.22621.608_none_a9444ca7c10bb01d\COMCTL32.dll
0x00007ffa474e0000 - 0x00007ffa475f3000 	C:\Windows\System32\gdi32full.dll
0x00007ffa47680000 - 0x00007ffa4771a000 	C:\Windows\System32\msvcp_win.dll
0x00007ffa36960000 - 0x00007ffa3696a000 	C:\Windows\SYSTEM32\VERSION.dll
0x00007ffa49600000 - 0x00007ffa49631000 	C:\Windows\System32\IMM32.DLL
0x00007ff9fe340000 - 0x00007ff9fe34c000 	C:\Program Files\Java\jdk-18.0.2.1\bin\vcruntime140_1.dll
0x00007ff9e1870000 - 0x00007ff9e18fd000 	C:\Program Files\Java\jdk-18.0.2.1\bin\msvcp140.dll
0x00007ff985cd0000 - 0x00007ff9868e1000 	C:\Program Files\Java\jdk-18.0.2.1\bin\server\jvm.dll
0x00007ffa494d0000 - 0x00007ffa494d8000 	C:\Windows\System32\PSAPI.DLL
0x00007ffa44a20000 - 0x00007ffa44a54000 	C:\Windows\SYSTEM32\WINMM.dll
0x00007ffa2ba60000 - 0x00007ffa2ba69000 	C:\Windows\SYSTEM32\WSOCK32.dll
0x00007ffa48250000 - 0x00007ffa482c1000 	C:\Windows\System32\WS2_32.dll
0x00007ffa46200000 - 0x00007ffa46218000 	C:\Windows\SYSTEM32\kernel.appcore.dll
0x00007ff9fe130000 - 0x00007ff9fe13a000 	C:\Program Files\Java\jdk-18.0.2.1\bin\jimage.dll
0x00007ffa44760000 - 0x00007ffa4498e000 	C:\Windows\SYSTEM32\DBGHELP.DLL
0x00007ffa47ec0000 - 0x00007ffa48249000 	C:\Windows\System32\combase.dll
0x00007ffa49170000 - 0x00007ffa49247000 	C:\Windows\System32\OLEAUT32.dll
0x00007ffa44640000 - 0x00007ffa44672000 	C:\Windows\SYSTEM32\dbgcore.DLL
0x00007ffa47600000 - 0x00007ffa4767b000 	C:\Windows\System32\bcryptPrimitives.dll
0x00007ffa369a0000 - 0x00007ffa369db000 	C:\Program Files\Java\jdk-18.0.2.1\bin\jdwp.dll
0x00007ffa3f070000 - 0x00007ffa3f07e000 	C:\Program Files\Java\jdk-18.0.2.1\bin\instrument.dll
0x00007ff9e9c50000 - 0x00007ff9e9c75000 	C:\Program Files\Java\jdk-18.0.2.1\bin\java.dll
0x00007ff9d8a00000 - 0x00007ff9d8ad6000 	C:\Program Files\Java\jdk-18.0.2.1\bin\jsvml.dll
0x00007ffa483a0000 - 0x00007ffa48b90000 	C:\Windows\System32\SHELL32.dll
0x00007ffa450b0000 - 0x00007ffa4597d000 	C:\Windows\SYSTEM32\windows.storage.dll
0x00007ffa44f70000 - 0x00007ffa450ae000 	C:\Windows\SYSTEM32\wintypes.dll
0x00007ffa47dc0000 - 0x00007ffa47eb1000 	C:\Windows\System32\SHCORE.dll
0x00007ffa48c20000 - 0x00007ffa48c7e000 	C:\Windows\System32\shlwapi.dll
0x00007ffa47020000 - 0x00007ffa47041000 	C:\Windows\SYSTEM32\profapi.dll
0x00007ffa3a880000 - 0x00007ffa3a88c000 	C:\Program Files\Java\jdk-18.0.2.1\bin\dt_socket.dll
0x00007ffa45c10000 - 0x00007ffa45c3d000 	C:\Windows\SYSTEM32\IPHLPAPI.DLL
0x00007ffa46680000 - 0x00007ffa466e9000 	C:\Windows\system32\mswsock.dll
0x00007ffa45c90000 - 0x00007ffa45d83000 	C:\Windows\SYSTEM32\DNSAPI.dll
0x00007ffa49160000 - 0x00007ffa49169000 	C:\Windows\System32\NSI.dll
0x00007ffa38680000 - 0x00007ffa3868a000 	C:\Windows\System32\rasadhlp.dll
0x00007ffa388e0000 - 0x00007ffa38963000 	C:\Windows\System32\fwpuclnt.dll
0x00007ff9e9c00000 - 0x00007ff9e9c18000 	C:\Program Files\Java\jdk-18.0.2.1\bin\zip.dll
0x00007ff9f5e80000 - 0x00007ff9f5e93000 	C:\Program Files\Java\jdk-18.0.2.1\bin\net.dll
0x00007ffa3cfb0000 - 0x00007ffa3d0e7000 	C:\Windows\SYSTEM32\WINHTTP.dll
0x00007ff9e9c30000 - 0x00007ff9e9c46000 	C:\Program Files\Java\jdk-18.0.2.1\bin\nio.dll
0x00007ff9ffc40000 - 0x00007ff9ffc50000 	C:\Program Files\Java\jdk-18.0.2.1\bin\verify.dll
0x00007ffa3a870000 - 0x00007ffa3a879000 	C:\Program Files\Java\jdk-18.0.2.1\bin\management.dll
0x00007ffa36990000 - 0x00007ffa3699b000 	C:\Program Files\Java\jdk-18.0.2.1\bin\management_ext.dll
0x00007ffa3bc30000 - 0x00007ffa3bc49000 	C:\Windows\SYSTEM32\dhcpcsvc6.DLL
0x00007ffa3b890000 - 0x00007ffa3b8af000 	C:\Windows\SYSTEM32\dhcpcsvc.DLL
0x00007ffa12a00000 - 0x00007ffa12a17000 	C:\Windows\system32\napinsp.dll
0x00007ffa14130000 - 0x00007ffa1414b000 	C:\Windows\system32\pnrpnsp.dll
0x00007ffa13910000 - 0x00007ffa13921000 	C:\Windows\System32\winrnr.dll
0x00007ffa38830000 - 0x00007ffa38845000 	C:\Windows\system32\wshbth.dll
0x00007ffa12590000 - 0x00007ffa125b1000 	C:\Windows\system32\nlansp_c.dll
0x00007ffa46900000 - 0x00007ffa4691b000 	C:\Windows\SYSTEM32\CRYPTSP.dll
0x00007ffa46170000 - 0x00007ffa461a5000 	C:\Windows\system32\rsaenh.dll
0x00007ffa467a0000 - 0x00007ffa467c8000 	C:\Windows\SYSTEM32\USERENV.dll
0x00007ffa46ac0000 - 0x00007ffa46ae8000 	C:\Windows\SYSTEM32\bcrypt.dll
0x00007ffa46920000 - 0x00007ffa4692c000 	C:\Windows\SYSTEM32\CRYPTBASE.dll
0x00007ff9ffc30000 - 0x00007ff9ffc3e000 	C:\Program Files\Java\jdk-18.0.2.1\bin\sunmscapi.dll
0x00007ffa47300000 - 0x00007ffa47466000 	C:\Windows\System32\CRYPT32.dll
0x00007ffa46a90000 - 0x00007ffa46abe000 	C:\Windows\SYSTEM32\ncrypt.dll
0x00007ffa46a50000 - 0x00007ffa46a87000 	C:\Windows\SYSTEM32\NTASN1.dll

dbghelp: loaded successfully - version: 4.0.5 - missing functions: none
symbol engine: initialized successfully - sym options: 0x614 - pdb path: .;C:\Program Files\Java\jdk-18.0.2.1\bin;C:\Windows\SYSTEM32;C:\Windows\WinSxS\amd64_microsoft.windows.common-controls_6595b64144ccf1df_6.0.22621.608_none_a9444ca7c10bb01d;C:\Program Files\Java\jdk-18.0.2.1\bin\server

VM Arguments:
jvm_args: -XX:+ShowCodeDetailsInExceptionMessages -agentlib:jdwp=transport=dt_socket,suspend=y,address=localhost:64006 -javaagent:C:\Users\harsh\eclipse\jee-2022-122\eclipse\configuration\org.eclipse.osgi\420\0\.cp\lib\javaagent-shaded.jar -Dfile.encoding=UTF-8 
java_command: com.quikloan.server.ServerApplication
java_class_path (initial): C:\SEM 2\INFO6250\project\primary\server\target\classes;C:\Users\harsh\.m2\repository\org\json\json\20210307\json-20210307.jar;C:\Users\harsh\.m2\repository\org\springframework\boot\spring-boot-starter-data-jpa\2.7.11-SNAPSHOT\spring-boot-starter-data-jpa-2.7.11-SNAPSHOT.jar;C:\Users\harsh\.m2\repository\org\springframework\boot\spring-boot-starter-aop\2.7.11-SNAPSHOT\spring-boot-starter-aop-2.7.11-SNAPSHOT.jar;C:\Users\harsh\.m2\repository\org\springframework\spring-aop\5.3.27\spring-aop-5.3.27.jar;C:\Users\harsh\.m2\repository\org\aspectj\aspectjweaver\1.9.7\aspectjweaver-1.9.7.jar;C:\Users\harsh\.m2\repository\org\springframework\boot\spring-boot-starter-jdbc\2.7.11-SNAPSHOT\spring-boot-starter-jdbc-2.7.11-SNAPSHOT.jar;C:\Users\harsh\.m2\repository\com\zaxxer\HikariCP\4.0.3\HikariCP-4.0.3.jar;C:\Users\harsh\.m2\repository\org\springframework\spring-jdbc\5.3.27\spring-jdbc-5.3.27.jar;C:\Users\harsh\.m2\repository\jakarta\transaction\jakarta.transaction-api\1.3.3\jakarta.transaction-api-1.3.3.jar;C:\Users\harsh\.m2\repository\jakarta\persistence\jakarta.persistence-api\2.2.3\jakarta.persistence-api-2.2.3.jar;C:\Users\harsh\.m2\repository\org\hibernate\hibernate-core\5.6.15.Final\hibernate-core-5.6.15.Final.jar;C:\Users\harsh\.m2\repository\org\jboss\logging\jboss-logging\3.4.3.Final\jboss-logging-3.4.3.Final.jar;C:\Users\harsh\.m2\repository\net\bytebuddy\byte-buddy\1.12.23\byte-buddy-1.12.23.jar;C:\Users\harsh\.m2\repository\antlr\antlr\2.7.7\antlr-2.7.7.jar;C:\Users\harsh\.m2\repository\org\jboss\jandex\2.4.2.Final\jandex-2.4.2.Final.jar;C:\Users\harsh\.m2\repository\com\fasterxml\classmate\1.5.1\classmate-1.5.1.jar;C:\Users\harsh\.m2\repository\org\hibernate\common\hibernate-commons-annotations\5.1.2.Final\hibernate-commons-annotations-5.1.2.Final.jar;C:\Users\harsh\.m2\repository\org\glassfish\jaxb\jaxb-runtime\2.3.8\jaxb-runtime-2.3.8.jar;C:\Users\harsh\.m2\repository\org\glassfish\jaxb\txw2\2.3.8\txw2-2.3.8.jar;C:\Users\harsh\.m2\repository\com\sun\istack\istack-commons-runtime\3.0.12\istack-commons-runtime-3.0.12.jar;C:\Users\harsh\.m2\repository\com\sun\activation\jakarta.activation\1.2.2\jakarta.activation-1.2.2.jar;C:\Users\harsh\.m2\repository\org\springframework\data\spring-data-jpa\2.7.11\spring-data-jpa-2.7.11.jar;C:\Users\harsh\.m2\repository\org\springframework\data\spring-data-commons\2.7.11\spring-data-commons-2.7.11.jar;C:\Users\harsh\.m2\repository\org\springframework\spring-orm\5.3.27\spring-orm-5.3.27.jar;C:\Users\harsh\.m2\repository\org\springframework\spring-context\5.3.27\spring-context-5.3.27.jar;C:\Users\harsh\.m2\repository\org\springframework\spring-tx\5.3.27\spring-tx-5.3.27.jar;C:\Users\harsh\.m2\repository\org\springframework\spring-beans\5.3.27\spring-beans-5.3.27.jar;C:\Users\harsh\.m2\repository\org\slf4j\slf4j-api\1.7.36\slf4j-api-1.7.36.jar;C:\Users\harsh\.m2\repository\org\springframework\spring-aspects\5.3.27\spring-aspects-5.3.27.jar;C:\Users\harsh\.m2\repository\org\springframework\boot\spring-boot-starter-web\2.7.11-SNAPSHOT\spring-boot-starter-web-2.7.11-SNAPSHOT.jar;C:\Users\harsh\.m2\repository\org\springframework\boot\spring-boot-starter\2.7.11-SNAPSHOT\spring-boot-starter-2.7.11-SNAPSHOT.jar;C:\Users\harsh\.m2\repository\org\springframework\boot\spring-boot-starter-logging\2.7.11-SNAPSHOT\spring-boot-starter-logging-2.7.11-SNAPSHOT.jar;C:\Users\harsh\.m2\repository\ch\qos\logback\logback-classic\1.2.12\logback-classic-1.2.12.jar;C:\Users\harsh\.m2\repository\ch\qos\logback\logback-core\1.2.12\logback-core-1.2.12.jar;C:\Users\harsh\.m2\repository\org\apache\logging\log4j\log4j-to-slf4j\2.17.2\log4j-to-slf4j-2.17.2.jar;C:\Users\harsh\.m2\repository\org\apache\logging\log4j\log4j-api\2.17.2\log4j-api-2.17.2.jar;C:\Users\harsh\.m2\repository\org\slf4j\jul-to-slf4j\1.7.36\jul-to-slf4j-1.7.36.jar;C:\Users\harsh\.m2\repository\jakarta\annotation\jakarta.annotation-api\1.3.5\jakarta.annotation-api-1.3.5.jar;C:\Users\harsh\.m2\repository\org\yaml\snakeyaml\1.30\snakeyaml-1.30.jar;C:\Users\harsh\.m2\repository\org\springframework\boot\spring-boot-starter-json\2.7.11-SNAPSHOT\spring-boot-starter-json-2.7.11-SNAPSHOT.jar;C:\Users\harsh\.m2\repository\com\fasterxml\jackson\core\jackson-databind\2.13.5\jackson-databind-2.13.5.jar;C:\Users\harsh\.m2\repository\com\fasterxml\jackson\datatype\jackson-datatype-jdk8\2.13.5\jackson-datatype-jdk8-2.13.5.jar;C:\Users\harsh\.m2\repository\com\fasterxml\jackson\datatype\jackson-datatype-jsr310\2.13.5\jackson-datatype-jsr310-2.13.5.jar;C:\Users\harsh\.m2\repository\com\fasterxml\jackson\module\jackson-module-parameter-names\2.13.5\jackson-module-parameter-names-2.13.5.jar;C:\Users\harsh\.m2\repository\org\springframework\boot\spring-boot-starter-tomcat\2.7.11-SNAPSHOT\spring-boot-starter-tomcat-2.7.11-SNAPSHOT.jar;C:\Users\harsh\.m2\repository\org\apache\tomcat\embed\tomcat-embed-core\9.0.74\tomcat-embed-core-9.0.74.jar;C:\Users\harsh\.m2\repository\org\apache\tomcat\embed\tomcat-embed-el\9.0.74\tomcat-embed-el-9.0.74.jar;C:\Users\harsh\.m2\repository\org\apache\tomcat\embed\tomcat-embed-websocket\9.0.74\tomcat-embed-websocket-9.0.74.jar;C:\Users\harsh\.m2\repository\org\springframework\spring-web\5.3.27\spring-web-5.3.27.jar;C:\Users\harsh\.m2\repository\org\springframework\spring-webmvc\5.3.27\spring-webmvc-5.3.27.jar;C:\Users\harsh\.m2\repository\org\springframework\spring-expression\5.3.27\spring-expression-5.3.27.jar;C:\Users\harsh\.m2\repository\org\springframework\cloud\spring-cloud-starter-netflix-eureka-client\3.1.5\spring-cloud-starter-netflix-eureka-client-3.1.5.jar;C:\Users\harsh\.m2\repository\org\springframework\cloud\spring-cloud-starter\3.1.6\spring-cloud-starter-3.1.6.jar;C:\Users\harsh\.m2\repository\org\springframework\cloud\spring-cloud-context\3.1.6\spring-cloud-context-3.1.6.jar;C:\Users\harsh\.m2\repository\org\springframework\security\spring-security-crypto\5.7.8\spring-security-crypto-5.7.8.jar;C:\Users\harsh\.m2\repository\org\springframework\cloud\spring-cloud-commons\3.1.6\spring-cloud-commons-3.1.6.jar;C:\Users\harsh\.m2\repository\org\springframework\security\spring-security-rsa\1.0.11.RELEASE\spring-security-rsa-1.0.11.RELEASE.jar;C:\Users\harsh\.m2\repository\org\bouncycastle\bcpkix-jdk15on\1.69\bcpkix-jdk15on-1.69.jar;C:\Users\harsh\.m2\repository\org\bouncycastle\bcprov-jdk15on\1.69\bcprov-jdk15on-1.69.jar;C:\Users\harsh\.m2\repository\org\bouncycastle\bcutil-jdk15on\1.69\bcutil-jdk15on-1.69.jar;C:\Users\harsh\.m2\repository\org\springframework\cloud\spring-cloud-netflix-eureka-client\3.1.5\spring-cloud-netflix-eureka-client-3.1.5.jar;C:\Users\harsh\.m2\repository\com\netflix\eureka\eureka-client\1.10.17\eureka-client-1.10.17.jar;C:\Users\harsh\.m2\repository\com\netflix\netflix-commons\netflix-eventbus\0.3.0\netflix-eventbus-0.3.0.jar;C:\Users\harsh\.m2\repository\com\netflix\netflix-commons\netflix-infix\0.3.0\netflix-infix-0.3.0.jar;C:\Users\harsh\.m2\repository\commons-jxpath\commons-jxpath\1.3\commons-jxpath-1.3.jar;C:\Users\harsh\.m2\repository\joda-time\joda-time\2.3\joda-time-2.3.jar;C:\Users\harsh\.m2\repository\org\antlr\antlr-runtime\3.4\antlr-runtime-3.4.jar;C:\Users\harsh\.m2\repository\org\antlr\stringtemplate\3.2.1\stringtemplate-3.2.1.jar;C:\Users\harsh\.m2\repository\com\google\code\gson\gson\2.9.1\gson-2.9.1.jar;C:\Users\harsh\.m2\repository\org\apache\commons\commons-math\2.2\commons-math-2.2.jar;C:\Users\harsh\.m2\repository\com\thoughtworks\xstream\xstream\1.4.18\xstream-1.4.18.jar;C:\Users\harsh\.m2\repository\io\github\x-stream\mxparser\1.2.2\mxparser-1.2.2.jar;C:\Users\harsh\.m2\repository\xmlpull\xmlpull\1.1.3.1\xmlpull-1.1.3.1.jar;C:\Users\harsh\.m2\repository\javax\ws\rs\jsr311-api\1.1.1\jsr311-api-1.1.1.jar;C:\Users\harsh\.m2\repository\com\netflix\servo\servo-core\0.12.21\servo-core-0.12.21.jar;C:\Users\harsh\.m2\repository\com\google\guava\guava\19.0\guava-19.0.jar;C:\Users\harsh\.m2\repository\org\apache\httpcomponents\httpclient\4.5.14\httpclient-4.5.14.jar;C:\Users\harsh\.m2\repository\org\apache\httpcomponents\httpcore\4.4.16\httpcore-4.4.16.jar;C:\Users\harsh\.m2\repository\commons-codec\commons-codec\1.15\commons-codec-1.15.jar;C:\Users\harsh\.m2\repository\commons-configuration\commons-configuration\1.10\commons-configuration-1.10.jar;C:\Users\harsh\.m2\repository\commons-lang\commons-lang\2.6\commons-lang-2.6.jar;C:\Users\harsh\.m2\repository\com\google\inject\guice\4.1.0\guice-4.1.0.jar;C:\Users\harsh\.m2\repository\javax\inject\javax.inject\1\javax.inject-1.jar;C:\Users\harsh\.m2\repository\com\fasterxml\jackson\core\jackson-annotations\2.13.5\jackson-annotations-2.13.5.jar;C:\Users\harsh\.m2\repository\com\fasterxml\jackson\core\jackson-core\2.13.5\jackson-core-2.13.5.jar;C:\Users\harsh\.m2\repository\org\codehaus\jettison\jettison\1.4.0\jettison-1.4.0.jar;C:\Users\harsh\.m2\repository\com\netflix\eureka\eureka-core\1.10.17\eureka-core-1.10.17.jar;C:\Users\harsh\.m2\repository\com\fasterxml\woodstox\woodstox-core\6.2.1\woodstox-core-6.2.1.jar;C:\Users\harsh\.m2\repository\org\codehaus\woodstox\stax2-api\4.2.1\stax2-api-4.2.1.jar;C:\Users\harsh\.m2\repository\org\springframework\cloud\spring-cloud-starter-loadbalancer\3.1.6\spring-cloud-starter-loadbalancer-3.1.6.jar;C:\Users\harsh\.m2\repository\org\springframework\cloud\spring-cloud-loadbalancer\3.1.6\spring-cloud-loadbalancer-3.1.6.jar;C:\Users\harsh\.m2\repository\io\projectreactor\reactor-core\3.4.29\reactor-core-3.4.29.jar;C:\Users\harsh\.m2\repository\org\reactivestreams\reactive-streams\1.0.4\reactive-streams-1.0.4.jar;C:\Users\harsh\.m2\repository\io\projectreactor\addons\reactor-extra\3.4.10\reactor-extra-3.4.10.jar;C:\Users\harsh\.m2\repository\org\springframework\boot\spring-boot-starter-cache\2.7.11-SNAPSHOT\spring-boot-starter-cache-2.7.11-SNAPSHOT.jar;C:\Users\harsh\.m2\repository\org\springframework\spring-context-support\5.3.27\spring-context-support-5.3.27.jar;C:\Users\harsh\.m2\repository\com\stoyanr\evictor\1.0.0\evictor-1.0.0.jar;C:\Users\harsh\.m2\repository\org\springframework\boot\spring-boot-devtools\2.7.11-SNAPSHOT\spring-boot-devtools-2.7.11-SNAPSHOT.jar;C:\Users\harsh\.m2\repository\org\springframework\boot\spring-boot\2.7.11-SNAPSHOT\spring-boot-2.7.11-SNAPSHOT.jar;C:\Users\harsh\.m2\repository\org\springframework\boot\spring-boot-autoconfigure\2.7.11-SNAPSHOT\spring-boot-autoconfigure-2.7.11-SNAPSHOT.jar;C:\Users\harsh\.m2\repository\com\mysql\mysql-connector-j\8.0.33\mysql-connector-j-8.0.33.jar;C:\Users\harsh\.m2\repository\jakarta\xml\bind\jakarta.xml.bind-api\2.3.3\jakarta.xml.bind-api-2.3.3.jar;C:\Users\harsh\.m2\repository\jakarta\activation\jakarta.activation-api\1.2.2\jakarta.activation-api-1.2.2.jar;C:\Users\harsh\.m2\repository\org\springframework\spring-core\5.3.27\spring-core-5.3.27.jar;C:\Users\harsh\.m2\repository\org\springframework\spring-jcl\5.3.27\spring-jcl-5.3.27.jar
Launcher Type: SUN_STANDARD

[Global flags]
     intx CICompilerCount                          = 4                                         {product} {ergonomic}
     uint ConcGCThreads                            = 3                                         {product} {ergonomic}
     uint G1ConcRefinementThreads                  = 10                                        {product} {ergonomic}
   size_t G1HeapRegionSize                         = 2097152                                   {product} {ergonomic}
    uintx GCDrainStackTargetSize                   = 64                                        {product} {ergonomic}
   size_t InitialHeapSize                          = 264241152                                 {product} {ergonomic}
   size_t MarkStackSize                            = 4194304                                   {product} {ergonomic}
   size_t MaxHeapSize                              = 4213178368                                {product} {ergonomic}
   size_t MaxNewSize                               = 2527068160                                {product} {ergonomic}
   size_t MinHeapDeltaBytes                        = 2097152                                   {product} {ergonomic}
   size_t MinHeapSize                              = 8388608                                   {product} {ergonomic}
    uintx NonNMethodCodeHeapSize                   = 5839372                                {pd product} {ergonomic}
    uintx NonProfiledCodeHeapSize                  = 122909434                              {pd product} {ergonomic}
    uintx ProfiledCodeHeapSize                     = 122909434                              {pd product} {ergonomic}
    uintx ReservedCodeCacheSize                    = 251658240                              {pd product} {ergonomic}
     bool SegmentedCodeCache                       = true                                      {product} {ergonomic}
     bool ShowCodeDetailsInExceptionMessages       = true                                   {manageable} {command line}
   size_t SoftMaxHeapSize                          = 4213178368                             {manageable} {ergonomic}
     bool UseCompressedClassPointers               = true                           {product lp64_product} {ergonomic}
     bool UseCompressedOops                        = true                           {product lp64_product} {ergonomic}
     bool UseG1GC                                  = true                                      {product} {ergonomic}
     bool UseLargePagesIndividualAllocation        = false                                  {pd product} {ergonomic}

Logging:
Log output configuration:
 #0: stdout all=warning uptime,level,tags foldmultilines=false
 #1: stderr all=off uptime,level,tags foldmultilines=false

Environment Variables:
PATH=C:\app\harsh\product\21c\dbhomeXE\bin;C:\Program Files\Common Files\Oracle\Java\javapath;C:\Windows\system32;C:\Windows;C:\Windows\System32\Wbem;C:\Windows\System32\WindowsPowerShell\v1.0\;C:\Windows\System32\OpenSSH\;C:\Program Files\dotnet\;C:\Program Files (x86)\GitExtensions\;C:\Program Files\Git\cmd;C:\Program Files\nodejs\;C:\Program Files\Docker\Docker\resources\bin;C:\Users\harsh\AppData\Local\Programs\Python\Python311\Scripts\;C:\Users\harsh\AppData\Local\Programs\Python\Python311\;C:\Users\harsh\AppData\Local\Microsoft\WindowsApps;;C:\Users\harsh\AppData\Local\Programs\Microsoft VS Code\bin;C:\Users\harsh\AppData\Roaming\npm
USERNAME=harsh
OS=Windows_NT
PROCESSOR_IDENTIFIER=Intel64 Family 6 Model 154 Stepping 4, GenuineIntel



---------------  S Y S T E M  ---------------

OS:
 Windows 11 , 64 bit Build 22621 (10.0.22621.1485)
OS uptime: 0 days 3:45 hours
Hyper-V role detected

CPU: total 12 (initial active 12) (6 cores per cpu, 2 threads per core) family 6 model 154 stepping 4 microcode 0x423, cx8, cmov, fxsr, ht, mmx, 3dnowpref, sse, sse2, sse3, ssse3, sse4.1, sse4.2, popcnt, lzcnt, tsc, tscinvbit, avx, avx2, aes, erms, clmul, bmi1, bmi2, adx, sha, fma, vzeroupper, clflush, clflushopt, clwb, hv, serialize

Memory: 4k page, system-wide physical 16068M (2498M free)
TotalPageFile size 48836M (AvailPageFile size 19708M)
current process WorkingSet (physical memory assigned to process): 287M, peak: 394M
current process commit charge ("private bytes"): 327M, peak: 453M

vm_info: Java HotSpot(TM) 64-Bit Server VM (18.0.2.1+1-1) for windows-amd64 JRE (18.0.2.1+1-1), built on Aug 16 2022 01:46:33 by "mach5one" with MS VC++ 16.8 / 16.9 (VS2019)

END.
